{"/home/travis/build/npmtest/node-npmtest-cloudant/test.js":{"path":"/home/travis/build/npmtest/node-npmtest-cloudant/test.js","s":{"1":2,"2":2,"3":2,"4":2,"5":2,"6":2,"7":2,"8":1,"9":2,"10":2,"11":1,"12":1,"13":1,"14":1,"15":2,"16":2,"17":2,"18":2,"19":1,"20":1,"21":2,"22":2,"23":2,"24":1,"25":1,"26":1,"27":1,"28":1,"29":1,"30":1,"31":1,"32":1,"33":1,"34":1,"35":1,"36":1,"37":1,"38":1,"39":2,"40":2,"41":1,"42":2,"43":2,"44":1,"45":2,"46":2,"47":1,"48":2,"49":2,"50":1,"51":1,"52":1,"53":1,"54":1},"b":{"1":[2,1,1,1],"2":[1,1,1,1],"3":[1,1],"4":[1,1],"5":[1,1],"6":[1,1],"7":[1,1],"8":[1,1],"9":[1,1],"10":[1,1,1],"11":[1,1],"12":[1,1],"13":[1,1],"14":[1,1],"15":[1,1],"16":[1,1],"17":[1,1]},"f":{"1":2,"2":2,"3":2,"4":2,"5":2,"6":1,"7":1,"8":1,"9":2,"10":2,"11":2,"12":2,"13":1},"fnMap":{"1":{"name":"(anonymous_1)","line":12,"loc":{"start":{"line":12,"column":1},"end":{"line":12,"column":13}}},"2":{"name":"(anonymous_2)","line":19,"loc":{"start":{"line":19,"column":5},"end":{"line":19,"column":17}}},"3":{"name":"(anonymous_3)","line":23,"loc":{"start":{"line":23,"column":24},"end":{"line":23,"column":36}}},"4":{"name":"(anonymous_4)","line":61,"loc":{"start":{"line":61,"column":5},"end":{"line":61,"column":17}}},"5":{"name":"(anonymous_5)","line":82,"loc":{"start":{"line":82,"column":5},"end":{"line":82,"column":17}}},"6":{"name":"(anonymous_6)","line":91,"loc":{"start":{"line":91,"column":77},"end":{"line":94,"column":10}}},"7":{"name":"(anonymous_7)","line":112,"loc":{"start":{"line":112,"column":83},"end":{"line":115,"column":10}},"skip":true},"8":{"name":"(anonymous_8)","line":123,"loc":{"start":{"line":123,"column":77},"end":{"line":126,"column":10}},"skip":true},"9":{"name":"(anonymous_9)","line":139,"loc":{"start":{"line":139,"column":12},"end":{"line":139,"column":40}},"skip":true},"10":{"name":"(anonymous_10)","line":147,"loc":{"start":{"line":147,"column":77},"end":{"line":150,"column":10}},"skip":true},"11":{"name":"(anonymous_11)","line":158,"loc":{"start":{"line":158,"column":83},"end":{"line":161,"column":10}},"skip":true},"12":{"name":"(anonymous_12)","line":169,"loc":{"start":{"line":169,"column":79},"end":{"line":172,"column":10}},"skip":true},"13":{"name":"(anonymous_13)","line":180,"loc":{"start":{"line":180,"column":75},"end":{"line":183,"column":10}},"skip":true}},"statementMap":{"1":{"start":{"line":12,"column":0},"end":{"line":195,"column":5}},"2":{"start":{"line":14,"column":4},"end":{"line":14,"column":14}},"3":{"start":{"line":19,"column":4},"end":{"line":56,"column":9}},"4":{"start":{"line":21,"column":8},"end":{"line":21,"column":19}},"5":{"start":{"line":23,"column":8},"end":{"line":35,"column":13}},"6":{"start":{"line":24,"column":12},"end":{"line":34,"column":13}},"7":{"start":{"line":25,"column":16},"end":{"line":28,"column":30}},"8":{"start":{"line":30,"column":16},"end":{"line":33,"column":27}},"9":{"start":{"line":37,"column":8},"end":{"line":39,"column":21}},"10":{"start":{"line":40,"column":8},"end":{"line":53,"column":9}},"11":{"start":{"line":43,"column":12},"end":{"line":46,"column":14}},"12":{"start":{"line":47,"column":12},"end":{"line":47,"column":18}},"13":{"start":{"line":50,"column":12},"end":{"line":51,"column":46}},"14":{"start":{"line":52,"column":12},"end":{"line":52,"column":18}},"15":{"start":{"line":55,"column":8},"end":{"line":55,"column":35}},"16":{"start":{"line":61,"column":4},"end":{"line":63,"column":9}},"17":{"start":{"line":62,"column":8},"end":{"line":62,"column":15}},"18":{"start":{"line":64,"column":4},"end":{"line":77,"column":5}},"19":{"start":{"line":70,"column":8},"end":{"line":70,"column":14}},"20":{"start":{"line":76,"column":8},"end":{"line":76,"column":14}},"21":{"start":{"line":82,"column":4},"end":{"line":84,"column":9}},"22":{"start":{"line":83,"column":8},"end":{"line":83,"column":15}},"23":{"start":{"line":85,"column":4},"end":{"line":194,"column":5}},"24":{"start":{"line":91,"column":8},"end":{"line":99,"column":10}},"25":{"start":{"line":98,"column":12},"end":{"line":98,"column":35}},"26":{"start":{"line":102,"column":8},"end":{"line":104,"column":63}},"27":{"start":{"line":105,"column":8},"end":{"line":105,"column":14}},"28":{"start":{"line":112,"column":8},"end":{"line":121,"column":10},"skip":true},"29":{"start":{"line":119,"column":12},"end":{"line":119,"column":55},"skip":true},"30":{"start":{"line":120,"column":12},"end":{"line":120,"column":48},"skip":true},"31":{"start":{"line":123,"column":8},"end":{"line":136,"column":10},"skip":true},"32":{"start":{"line":130,"column":12},"end":{"line":130,"column":76},"skip":true},"33":{"start":{"line":131,"column":12},"end":{"line":131,"column":73},"skip":true},"34":{"start":{"line":132,"column":12},"end":{"line":132,"column":74},"skip":true},"35":{"start":{"line":133,"column":12},"end":{"line":133,"column":79},"skip":true},"36":{"start":{"line":134,"column":12},"end":{"line":134,"column":25},"skip":true},"37":{"start":{"line":135,"column":12},"end":{"line":135,"column":45},"skip":true},"38":{"start":{"line":138,"column":8},"end":{"line":145,"column":14},"skip":true},"39":{"start":{"line":143,"column":16},"end":{"line":143,"column":29},"skip":true},"40":{"start":{"line":144,"column":16},"end":{"line":144,"column":55},"skip":true},"41":{"start":{"line":147,"column":8},"end":{"line":156,"column":10},"skip":true},"42":{"start":{"line":154,"column":12},"end":{"line":154,"column":25},"skip":true},"43":{"start":{"line":155,"column":12},"end":{"line":155,"column":45},"skip":true},"44":{"start":{"line":158,"column":8},"end":{"line":167,"column":10},"skip":true},"45":{"start":{"line":165,"column":12},"end":{"line":165,"column":25},"skip":true},"46":{"start":{"line":166,"column":12},"end":{"line":166,"column":48},"skip":true},"47":{"start":{"line":169,"column":8},"end":{"line":178,"column":10},"skip":true},"48":{"start":{"line":176,"column":12},"end":{"line":176,"column":25},"skip":true},"49":{"start":{"line":177,"column":12},"end":{"line":177,"column":46},"skip":true},"50":{"start":{"line":180,"column":8},"end":{"line":189,"column":10},"skip":true},"51":{"start":{"line":187,"column":12},"end":{"line":187,"column":94},"skip":true},"52":{"start":{"line":188,"column":12},"end":{"line":188,"column":48},"skip":true},"53":{"start":{"line":192,"column":8},"end":{"line":192,"column":35},"skip":true},"54":{"start":{"line":193,"column":8},"end":{"line":193,"column":14},"skip":true}},"branchMap":{"1":{"line":25,"type":"binary-expr","locations":[{"start":{"line":25,"column":23},"end":{"line":25,"column":62}},{"start":{"line":26,"column":20},"end":{"line":26,"column":70}},{"start":{"line":27,"column":20},"end":{"line":27,"column":71}},{"start":{"line":28,"column":20},"end":{"line":28,"column":29}}]},"2":{"line":30,"type":"binary-expr","locations":[{"start":{"line":30,"column":23},"end":{"line":30,"column":37}},{"start":{"line":31,"column":20},"end":{"line":31,"column":61}},{"start":{"line":32,"column":20},"end":{"line":32,"column":70}},{"start":{"line":33,"column":20},"end":{"line":33,"column":26}}]},"3":{"line":37,"type":"cond-expr","locations":[{"start":{"line":38,"column":14},"end":{"line":38,"column":20}},{"start":{"line":39,"column":14},"end":{"line":39,"column":20}}]},"4":{"line":40,"type":"switch","locations":[{"start":{"line":42,"column":8},"end":{"line":47,"column":18}},{"start":{"line":49,"column":8},"end":{"line":52,"column":18}}]},"5":{"line":44,"type":"binary-expr","locations":[{"start":{"line":44,"column":16},"end":{"line":44,"column":44}},{"start":{"line":44,"column":48},"end":{"line":44,"column":66}}]},"6":{"line":50,"type":"binary-expr","locations":[{"start":{"line":50,"column":21},"end":{"line":50,"column":49}},{"start":{"line":50,"column":53},"end":{"line":50,"column":72}}]},"7":{"line":64,"type":"switch","locations":[{"start":{"line":69,"column":4},"end":{"line":70,"column":14}},{"start":{"line":75,"column":4},"end":{"line":76,"column":14}}]},"8":{"line":85,"type":"switch","locations":[{"start":{"line":90,"column":4},"end":{"line":105,"column":14}},{"start":{"line":111,"column":4},"end":{"line":193,"column":14},"skip":true}]},"9":{"line":91,"type":"binary-expr","locations":[{"start":{"line":91,"column":42},"end":{"line":91,"column":73}},{"start":{"line":91,"column":77},"end":{"line":99,"column":9}}]},"10":{"line":102,"type":"binary-expr","locations":[{"start":{"line":102,"column":18},"end":{"line":102,"column":32}},{"start":{"line":103,"column":12},"end":{"line":103,"column":53}},{"start":{"line":104,"column":12},"end":{"line":104,"column":61}}]},"11":{"line":112,"type":"binary-expr","locations":[{"start":{"line":112,"column":45},"end":{"line":112,"column":79},"skip":true},{"start":{"line":112,"column":83},"end":{"line":121,"column":9},"skip":true}]},"12":{"line":123,"type":"binary-expr","locations":[{"start":{"line":123,"column":42},"end":{"line":123,"column":73},"skip":true},{"start":{"line":123,"column":77},"end":{"line":136,"column":9},"skip":true}]},"13":{"line":138,"type":"binary-expr","locations":[{"start":{"line":138,"column":48},"end":{"line":138,"column":85},"skip":true},{"start":{"line":139,"column":12},"end":{"line":145,"column":13},"skip":true}]},"14":{"line":147,"type":"binary-expr","locations":[{"start":{"line":147,"column":42},"end":{"line":147,"column":73},"skip":true},{"start":{"line":147,"column":77},"end":{"line":156,"column":9},"skip":true}]},"15":{"line":158,"type":"binary-expr","locations":[{"start":{"line":158,"column":45},"end":{"line":158,"column":79},"skip":true},{"start":{"line":158,"column":83},"end":{"line":167,"column":9},"skip":true}]},"16":{"line":169,"type":"binary-expr","locations":[{"start":{"line":169,"column":43},"end":{"line":169,"column":75},"skip":true},{"start":{"line":169,"column":79},"end":{"line":178,"column":9},"skip":true}]},"17":{"line":180,"type":"binary-expr","locations":[{"start":{"line":180,"column":41},"end":{"line":180,"column":71},"skip":true},{"start":{"line":180,"column":75},"end":{"line":189,"column":9},"skip":true}]}},"code":["/* istanbul instrument in package npmtest_cloudant */","/*jslint","    bitwise: true,","    browser: true,","    maxerr: 8,","    maxlen: 96,","    node: true,","    nomen: true,","    regexp: true,","    stupid: true","*/","(function () {","    'use strict';","    var local;","","","","    // run shared js-env code - pre-init","    (function () {","        // init local","        local = {};","        // init modeJs","        local.modeJs = (function () {","            try {","                return typeof navigator.userAgent === 'string' &&","                    typeof document.querySelector('body') === 'object' &&","                    typeof XMLHttpRequest.prototype.open === 'function' &&","                    'browser';","            } catch (errorCaughtBrowser) {","                return module.exports &&","                    typeof process.versions.node === 'string' &&","                    typeof require('http').createServer === 'function' &&","                    'node';","            }","        }());","        // init global","        local.global = local.modeJs === 'browser'","            ? window","            : global;","        switch (local.modeJs) {","        // re-init local from window.local","        case 'browser':","            local = local.global.utility2.objectSetDefault(","                local.global.utility2_rollup || local.global.local,","                local.global.utility2","            );","            break;","        // re-init local from example.js","        case 'node':","            local = (local.global.utility2_rollup || require('utility2'))","                .requireExampleJsFromReadme();","            break;","        }","        // export local","        local.global.local = local;","    }());","","","","    // run shared js-env code - function","    (function () {","        return;","    }());","    switch (local.modeJs) {","","","","    // run browser js-env code - function","    case 'browser':","        break;","","","","    // run node js-env code - function","    case 'node':","        break;","    }","","","","    // run shared js-env code - post-init","    (function () {","        return;","    }());","    switch (local.modeJs) {","","","","    // run browser js-env code - post-init","    case 'browser':","        local.testCase_browser_nullCase = local.testCase_browser_nullCase || function (","            options,","            onError","        ) {","        /*","         * this function will test browsers's null-case handling-behavior-behavior","         */","            onError(null, options);","        };","","        // run tests","        local.nop(local.modeTest &&","            document.querySelector('#testRunButton1') &&","            document.querySelector('#testRunButton1').click());","        break;","","","","    // run node js-env code - post-init","    /* istanbul ignore next */","    case 'node':","        local.testCase_buildApidoc_default = local.testCase_buildApidoc_default || function (","            options,","            onError","        ) {","        /*","         * this function will test buildApidoc's default handling-behavior-behavior","         */","            options = { modulePathList: module.paths };","            local.buildApidoc(options, onError);","        };","","        local.testCase_buildApp_default = local.testCase_buildApp_default || function (","            options,","            onError","        ) {","        /*","         * this function will test buildApp's default handling-behavior-behavior","         */","            local.testCase_buildReadme_default(options, local.onErrorThrow);","            local.testCase_buildLib_default(options, local.onErrorThrow);","            local.testCase_buildTest_default(options, local.onErrorThrow);","            local.testCase_buildCustomOrg_default(options, local.onErrorThrow);","            options = [];","            local.buildApp(options, onError);","        };","","        local.testCase_buildCustomOrg_default = local.testCase_buildCustomOrg_default ||","            function (options, onError) {","            /*","             * this function will test buildCustomOrg's default handling-behavior","             */","                options = {};","                local.buildCustomOrg(options, onError);","            };","","        local.testCase_buildLib_default = local.testCase_buildLib_default || function (","            options,","            onError","        ) {","        /*","         * this function will test buildLib's default handling-behavior","         */","            options = {};","            local.buildLib(options, onError);","        };","","        local.testCase_buildReadme_default = local.testCase_buildReadme_default || function (","            options,","            onError","        ) {","        /*","         * this function will test buildReadme's default handling-behavior-behavior","         */","            options = {};","            local.buildReadme(options, onError);","        };","","        local.testCase_buildTest_default = local.testCase_buildTest_default || function (","            options,","            onError","        ) {","        /*","         * this function will test buildTest's default handling-behavior","         */","            options = {};","            local.buildTest(options, onError);","        };","","        local.testCase_webpage_default = local.testCase_webpage_default || function (","            options,","            onError","        ) {","        /*","         * this function will test webpage's default handling-behavior","         */","            options = { modeCoverageMerge: true, url: local.serverLocalHost + '?modeTest=1' };","            local.browserTest(options, onError);","        };","","        // run test-server","        local.testRunServer(local);","        break;","    }","}());",""],"l":{"12":2,"14":2,"19":2,"21":2,"23":2,"24":2,"25":2,"30":1,"37":2,"40":2,"43":1,"47":1,"50":1,"52":1,"55":2,"61":2,"62":2,"64":2,"70":1,"76":1,"82":2,"83":2,"85":2,"91":1,"98":1,"102":1,"105":1,"112":1,"119":1,"120":1,"123":1,"130":1,"131":1,"132":1,"133":1,"134":1,"135":1,"138":1,"143":2,"144":2,"147":1,"154":2,"155":2,"158":1,"165":2,"166":2,"169":1,"176":2,"177":2,"180":1,"187":1,"188":1,"192":1,"193":1}},"/home/travis/build/npmtest/node-npmtest-cloudant/lib.npmtest_cloudant.js":{"path":"/home/travis/build/npmtest/node-npmtest-cloudant/lib.npmtest_cloudant.js","s":{"1":2,"2":2,"3":2,"4":2,"5":2,"6":2,"7":2,"8":1,"9":2,"10":2,"11":2,"12":2,"13":1,"14":1,"15":1,"16":1},"b":{"1":[2,1,1,1],"2":[1,1,1,1],"3":[1,1],"4":[2,2],"5":[1,1]},"f":{"1":2,"2":2,"3":2},"fnMap":{"1":{"name":"(anonymous_1)","line":12,"loc":{"start":{"line":12,"column":1},"end":{"line":12,"column":13}}},"2":{"name":"(anonymous_2)","line":19,"loc":{"start":{"line":19,"column":5},"end":{"line":19,"column":17}}},"3":{"name":"(anonymous_3)","line":23,"loc":{"start":{"line":23,"column":24},"end":{"line":23,"column":36}}}},"statementMap":{"1":{"start":{"line":12,"column":0},"end":{"line":53,"column":5}},"2":{"start":{"line":14,"column":4},"end":{"line":14,"column":14}},"3":{"start":{"line":19,"column":4},"end":{"line":52,"column":9}},"4":{"start":{"line":21,"column":8},"end":{"line":21,"column":19}},"5":{"start":{"line":23,"column":8},"end":{"line":35,"column":13}},"6":{"start":{"line":24,"column":12},"end":{"line":34,"column":13}},"7":{"start":{"line":25,"column":16},"end":{"line":28,"column":30}},"8":{"start":{"line":30,"column":16},"end":{"line":33,"column":27}},"9":{"start":{"line":37,"column":8},"end":{"line":39,"column":21}},"10":{"start":{"line":41,"column":8},"end":{"line":41,"column":54}},"11":{"start":{"line":43,"column":8},"end":{"line":43,"column":53}},"12":{"start":{"line":45,"column":8},"end":{"line":51,"column":9}},"13":{"start":{"line":46,"column":12},"end":{"line":46,"column":59}},"14":{"start":{"line":48,"column":12},"end":{"line":48,"column":35}},"15":{"start":{"line":49,"column":12},"end":{"line":49,"column":49}},"16":{"start":{"line":50,"column":12},"end":{"line":50,"column":43}}},"branchMap":{"1":{"line":25,"type":"binary-expr","locations":[{"start":{"line":25,"column":23},"end":{"line":25,"column":62}},{"start":{"line":26,"column":20},"end":{"line":26,"column":70}},{"start":{"line":27,"column":20},"end":{"line":27,"column":71}},{"start":{"line":28,"column":20},"end":{"line":28,"column":29}}]},"2":{"line":30,"type":"binary-expr","locations":[{"start":{"line":30,"column":23},"end":{"line":30,"column":37}},{"start":{"line":31,"column":20},"end":{"line":31,"column":61}},{"start":{"line":32,"column":20},"end":{"line":32,"column":70}},{"start":{"line":33,"column":20},"end":{"line":33,"column":26}}]},"3":{"line":37,"type":"cond-expr","locations":[{"start":{"line":38,"column":14},"end":{"line":38,"column":20}},{"start":{"line":39,"column":14},"end":{"line":39,"column":20}}]},"4":{"line":41,"type":"binary-expr","locations":[{"start":{"line":41,"column":16},"end":{"line":41,"column":44}},{"start":{"line":41,"column":48},"end":{"line":41,"column":53}}]},"5":{"line":45,"type":"if","locations":[{"start":{"line":45,"column":8},"end":{"line":45,"column":8}},{"start":{"line":45,"column":8},"end":{"line":45,"column":8}}]}},"code":["/* istanbul instrument in package npmtest_cloudant */","/*jslint","    bitwise: true,","    browser: true,","    maxerr: 8,","    maxlen: 96,","    node: true,","    nomen: true,","    regexp: true,","    stupid: true","*/","(function () {","    'use strict';","    var local;","","","","    // run shared js-env code - pre-init","    (function () {","        // init local","        local = {};","        // init modeJs","        local.modeJs = (function () {","            try {","                return typeof navigator.userAgent === 'string' &&","                    typeof document.querySelector('body') === 'object' &&","                    typeof XMLHttpRequest.prototype.open === 'function' &&","                    'browser';","            } catch (errorCaughtBrowser) {","                return module.exports &&","                    typeof process.versions.node === 'string' &&","                    typeof require('http').createServer === 'function' &&","                    'node';","            }","        }());","        // init global","        local.global = local.modeJs === 'browser'","            ? window","            : global;","        // init utility2_rollup","        local = local.global.utility2_rollup || local;","        // init lib","        local.local = local.npmtest_cloudant = local;","        // init exports","        if (local.modeJs === 'browser') {","            local.global.utility2_npmtest_cloudant = local;","        } else {","            module.exports = local;","            module.exports.__dirname = __dirname;","            module.exports.module = module;","        }","    }());","}());",""],"l":{"12":2,"14":2,"19":2,"21":2,"23":2,"24":2,"25":2,"30":1,"37":2,"41":2,"43":2,"45":2,"46":1,"48":1,"49":1,"50":1}},"/home/travis/build/npmtest/node-npmtest-cloudant/example.js":{"path":"/home/travis/build/npmtest/node-npmtest-cloudant/example.js","s":{"1":2,"2":2,"3":2,"4":2,"5":2,"6":2,"7":2,"8":1,"9":2,"10":2,"11":2,"12":2,"13":1,"14":2,"15":2,"16":2,"17":2,"18":2,"19":0,"20":2,"21":1,"22":1,"23":1,"24":1,"25":1,"26":0,"27":0,"28":1,"29":1,"30":2,"31":0,"32":0,"33":0,"34":1,"35":2,"36":2,"37":3,"38":3,"39":3,"40":3,"41":0,"42":3,"43":3,"44":3,"45":1,"46":3,"47":1,"48":1,"49":1,"50":1,"51":1,"52":1,"53":1,"54":1,"55":1,"56":1,"57":0,"58":1,"59":6,"60":6,"61":1,"62":2,"63":0,"64":2,"65":1,"66":1,"67":0,"68":0,"69":0,"70":0,"71":0,"72":0,"73":0,"74":0,"75":0,"76":0,"77":0,"78":0,"79":0,"80":0,"81":0,"82":0,"83":0},"b":{"1":[2,1,1,1],"2":[1,1,1,1],"3":[1,1],"4":[2,2],"5":[1,1],"6":[1,1],"7":[2,0],"8":[2,1,1,1,1,1],"9":[0,2,0],"10":[1,1],"11":[2,1,1],"12":[1,0],"13":[0,2],"14":[2,0,0,0,0,0,0],"15":[0,3],"16":[3,0],"17":[1,1],"18":[0,1],"19":[1,2,0,2],"20":[1,0],"21":[1,1],"22":[0,0],"23":[0,0],"24":[0,0],"25":[0,0],"26":[0,0],"27":[0,0],"28":[0,0]},"f":{"1":2,"2":2,"3":2,"4":2,"5":2,"6":2,"7":3,"8":3,"9":3,"10":1,"11":6,"12":0},"fnMap":{"1":{"name":"(anonymous_1)","line":26,"loc":{"start":{"line":26,"column":1},"end":{"line":26,"column":13}}},"2":{"name":"(anonymous_2)","line":33,"loc":{"start":{"line":33,"column":5},"end":{"line":33,"column":17}}},"3":{"name":"(anonymous_3)","line":37,"loc":{"start":{"line":37,"column":24},"end":{"line":37,"column":36}}},"4":{"name":"(anonymous_4)","line":69,"loc":{"start":{"line":69,"column":31},"end":{"line":69,"column":48}},"skip":true},"5":{"name":"(anonymous_5)","line":78,"loc":{"start":{"line":78,"column":26},"end":{"line":78,"column":45}},"skip":true},"6":{"name":"(anonymous_6)","line":123,"loc":{"start":{"line":123,"column":33},"end":{"line":123,"column":48}},"skip":true},"7":{"name":"(anonymous_7)","line":125,"loc":{"start":{"line":125,"column":27},"end":{"line":125,"column":39}},"skip":true},"8":{"name":"(anonymous_8)","line":133,"loc":{"start":{"line":133,"column":59},"end":{"line":133,"column":74}},"skip":true},"9":{"name":"(anonymous_9)","line":143,"loc":{"start":{"line":143,"column":45},"end":{"line":143,"column":62}},"skip":true},"10":{"name":"(anonymous_10)","line":144,"loc":{"start":{"line":144,"column":73},"end":{"line":144,"column":92}},"skip":true},"11":{"name":"(anonymous_11)","line":272,"loc":{"start":{"line":272,"column":51},"end":{"line":272,"column":77}},"skip":true},"12":{"name":"(anonymous_12)","line":315,"loc":{"start":{"line":315,"column":32},"end":{"line":315,"column":61}},"skip":true}},"statementMap":{"1":{"start":{"line":26,"column":0},"end":{"line":326,"column":5}},"2":{"start":{"line":28,"column":4},"end":{"line":28,"column":14}},"3":{"start":{"line":33,"column":4},"end":{"line":60,"column":9}},"4":{"start":{"line":35,"column":8},"end":{"line":35,"column":19}},"5":{"start":{"line":37,"column":8},"end":{"line":49,"column":13}},"6":{"start":{"line":38,"column":12},"end":{"line":48,"column":13}},"7":{"start":{"line":39,"column":16},"end":{"line":42,"column":30}},"8":{"start":{"line":44,"column":16},"end":{"line":47,"column":27}},"9":{"start":{"line":51,"column":8},"end":{"line":53,"column":21}},"10":{"start":{"line":55,"column":8},"end":{"line":57,"column":45}},"11":{"start":{"line":59,"column":8},"end":{"line":59,"column":35}},"12":{"start":{"line":61,"column":4},"end":{"line":325,"column":5}},"13":{"start":{"line":69,"column":8},"end":{"line":121,"column":10},"skip":true},"14":{"start":{"line":70,"column":12},"end":{"line":88,"column":13},"skip":true},"15":{"start":{"line":76,"column":16},"end":{"line":87,"column":19},"skip":true},"16":{"start":{"line":79,"column":20},"end":{"line":86,"column":21},"skip":true},"17":{"start":{"line":82,"column":24},"end":{"line":82,"column":43},"skip":true},"18":{"start":{"line":83,"column":24},"end":{"line":83,"column":30},"skip":true},"19":{"start":{"line":85,"column":24},"end":{"line":85,"column":49},"skip":true},"20":{"start":{"line":89,"column":12},"end":{"line":107,"column":13},"skip":true},"21":{"start":{"line":92,"column":16},"end":{"line":102,"column":17},"skip":true},"22":{"start":{"line":93,"column":20},"end":{"line":93,"column":86},"skip":true},"23":{"start":{"line":94,"column":20},"end":{"line":95,"column":45},"skip":true},"24":{"start":{"line":96,"column":20},"end":{"line":96,"column":42},"skip":true},"25":{"start":{"line":97,"column":20},"end":{"line":97,"column":48},"skip":true},"26":{"start":{"line":100,"column":20},"end":{"line":100,"column":85},"skip":true},"27":{"start":{"line":101,"column":20},"end":{"line":101,"column":96},"skip":true},"28":{"start":{"line":103,"column":16},"end":{"line":103,"column":22},"skip":true},"29":{"start":{"line":106,"column":16},"end":{"line":106,"column":22},"skip":true},"30":{"start":{"line":108,"column":12},"end":{"line":120,"column":13},"skip":true},"31":{"start":{"line":114,"column":16},"end":{"line":119,"column":17},"skip":true},"32":{"start":{"line":116,"column":20},"end":{"line":116,"column":78},"skip":true},"33":{"start":{"line":118,"column":20},"end":{"line":118,"column":47},"skip":true},"34":{"start":{"line":123,"column":8},"end":{"line":141,"column":11},"skip":true},"35":{"start":{"line":124,"column":12},"end":{"line":124,"column":54},"skip":true},"36":{"start":{"line":125,"column":12},"end":{"line":140,"column":14},"skip":true},"37":{"start":{"line":126,"column":16},"end":{"line":126,"column":28},"skip":true},"38":{"start":{"line":127,"column":16},"end":{"line":127,"column":69},"skip":true},"39":{"start":{"line":128,"column":16},"end":{"line":128,"column":75},"skip":true},"40":{"start":{"line":129,"column":16},"end":{"line":131,"column":17},"skip":true},"41":{"start":{"line":130,"column":20},"end":{"line":130,"column":27},"skip":true},"42":{"start":{"line":133,"column":16},"end":{"line":137,"column":36},"skip":true},"43":{"start":{"line":134,"column":20},"end":{"line":136,"column":55},"skip":true},"44":{"start":{"line":139,"column":16},"end":{"line":139,"column":57},"skip":true},"45":{"start":{"line":143,"column":8},"end":{"line":147,"column":11},"skip":true},"46":{"start":{"line":144,"column":12},"end":{"line":146,"column":15},"skip":true},"47":{"start":{"line":145,"column":16},"end":{"line":145,"column":70},"skip":true},"48":{"start":{"line":149,"column":8},"end":{"line":149,"column":31},"skip":true},"49":{"start":{"line":150,"column":8},"end":{"line":150,"column":14},"skip":true},"50":{"start":{"line":158,"column":8},"end":{"line":158,"column":31},"skip":true},"51":{"start":{"line":160,"column":8},"end":{"line":160,"column":33},"skip":true},"52":{"start":{"line":161,"column":8},"end":{"line":161,"column":37},"skip":true},"53":{"start":{"line":162,"column":8},"end":{"line":162,"column":35},"skip":true},"54":{"start":{"line":164,"column":8},"end":{"line":164,"column":50},"skip":true},"55":{"start":{"line":166,"column":8},"end":{"line":256,"column":2},"skip":true},"56":{"start":{"line":258,"column":8},"end":{"line":286,"column":9},"skip":true},"57":{"start":{"line":259,"column":12},"end":{"line":269,"column":14},"skip":true},"58":{"start":{"line":271,"column":12},"end":{"line":285,"column":19},"skip":true},"59":{"start":{"line":274,"column":20},"end":{"line":274,"column":35},"skip":true},"60":{"start":{"line":275,"column":20},"end":{"line":284,"column":21},"skip":true},"61":{"start":{"line":277,"column":24},"end":{"line":277,"column":64},"skip":true},"62":{"start":{"line":279,"column":24},"end":{"line":279,"column":40},"skip":true},"63":{"start":{"line":281,"column":24},"end":{"line":281,"column":40},"skip":true},"64":{"start":{"line":283,"column":24},"end":{"line":283,"column":39},"skip":true},"65":{"start":{"line":288,"column":8},"end":{"line":290,"column":9},"skip":true},"66":{"start":{"line":289,"column":12},"end":{"line":289,"column":18},"skip":true},"67":{"start":{"line":291,"column":8},"end":{"line":293,"column":54},"skip":true},"68":{"start":{"line":296,"column":8},"end":{"line":301,"column":37},"skip":true},"69":{"start":{"line":303,"column":8},"end":{"line":303,"column":82},"skip":true},"70":{"start":{"line":306,"column":8},"end":{"line":308,"column":9},"skip":true},"71":{"start":{"line":307,"column":12},"end":{"line":307,"column":82},"skip":true},"72":{"start":{"line":310,"column":8},"end":{"line":312,"column":9},"skip":true},"73":{"start":{"line":311,"column":12},"end":{"line":311,"column":18},"skip":true},"74":{"start":{"line":313,"column":8},"end":{"line":313,"column":54},"skip":true},"75":{"start":{"line":314,"column":8},"end":{"line":314,"column":69},"skip":true},"76":{"start":{"line":315,"column":8},"end":{"line":323,"column":36},"skip":true},"77":{"start":{"line":316,"column":12},"end":{"line":316,"column":61},"skip":true},"78":{"start":{"line":317,"column":12},"end":{"line":320,"column":13},"skip":true},"79":{"start":{"line":318,"column":16},"end":{"line":318,"column":75},"skip":true},"80":{"start":{"line":319,"column":16},"end":{"line":319,"column":23},"skip":true},"81":{"start":{"line":321,"column":12},"end":{"line":321,"column":38},"skip":true},"82":{"start":{"line":322,"column":12},"end":{"line":322,"column":27},"skip":true},"83":{"start":{"line":324,"column":8},"end":{"line":324,"column":14},"skip":true}},"branchMap":{"1":{"line":39,"type":"binary-expr","locations":[{"start":{"line":39,"column":23},"end":{"line":39,"column":62}},{"start":{"line":40,"column":20},"end":{"line":40,"column":70}},{"start":{"line":41,"column":20},"end":{"line":41,"column":71}},{"start":{"line":42,"column":20},"end":{"line":42,"column":29}}]},"2":{"line":44,"type":"binary-expr","locations":[{"start":{"line":44,"column":23},"end":{"line":44,"column":37}},{"start":{"line":45,"column":20},"end":{"line":45,"column":61}},{"start":{"line":46,"column":20},"end":{"line":46,"column":70}},{"start":{"line":47,"column":20},"end":{"line":47,"column":26}}]},"3":{"line":51,"type":"cond-expr","locations":[{"start":{"line":52,"column":14},"end":{"line":52,"column":20}},{"start":{"line":53,"column":14},"end":{"line":53,"column":20}}]},"4":{"line":55,"type":"binary-expr","locations":[{"start":{"line":55,"column":16},"end":{"line":55,"column":44}},{"start":{"line":55,"column":49},"end":{"line":57,"column":43}}]},"5":{"line":55,"type":"cond-expr","locations":[{"start":{"line":56,"column":14},"end":{"line":56,"column":52}},{"start":{"line":57,"column":14},"end":{"line":57,"column":43}}]},"6":{"line":61,"type":"switch","locations":[{"start":{"line":68,"column":4},"end":{"line":150,"column":14},"skip":true},{"start":{"line":156,"column":4},"end":{"line":324,"column":14},"skip":true}]},"7":{"line":70,"type":"if","locations":[{"start":{"line":70,"column":12},"end":{"line":70,"column":12},"skip":true},{"start":{"line":70,"column":12},"end":{"line":70,"column":12},"skip":true}]},"8":{"line":70,"type":"binary-expr","locations":[{"start":{"line":70,"column":16},"end":{"line":70,"column":22},"skip":true},{"start":{"line":70,"column":27},"end":{"line":70,"column":32},"skip":true},{"start":{"line":71,"column":20},"end":{"line":71,"column":39},"skip":true},{"start":{"line":72,"column":20},"end":{"line":72,"column":49},"skip":true},{"start":{"line":73,"column":20},"end":{"line":73,"column":58},"skip":true},{"start":{"line":74,"column":20},"end":{"line":74,"column":69},"skip":true}]},"9":{"line":79,"type":"switch","locations":[{"start":{"line":80,"column":20},"end":{"line":80,"column":33},"skip":true},{"start":{"line":81,"column":20},"end":{"line":83,"column":30},"skip":true},{"start":{"line":84,"column":20},"end":{"line":85,"column":49},"skip":true}]},"10":{"line":89,"type":"switch","locations":[{"start":{"line":90,"column":12},"end":{"line":103,"column":22},"skip":true},{"start":{"line":105,"column":12},"end":{"line":106,"column":22},"skip":true}]},"11":{"line":89,"type":"binary-expr","locations":[{"start":{"line":89,"column":20},"end":{"line":89,"column":25},"skip":true},{"start":{"line":89,"column":29},"end":{"line":89,"column":48},"skip":true},{"start":{"line":89,"column":52},"end":{"line":89,"column":74},"skip":true}]},"12":{"line":92,"type":"if","locations":[{"start":{"line":92,"column":16},"end":{"line":92,"column":16},"skip":true},{"start":{"line":92,"column":16},"end":{"line":92,"column":16},"skip":true}]},"13":{"line":108,"type":"if","locations":[{"start":{"line":108,"column":12},"end":{"line":108,"column":12},"skip":true},{"start":{"line":108,"column":12},"end":{"line":108,"column":12},"skip":true}]},"14":{"line":108,"type":"binary-expr","locations":[{"start":{"line":108,"column":16},"end":{"line":108,"column":61},"skip":true},{"start":{"line":108,"column":66},"end":{"line":108,"column":72},"skip":true},{"start":{"line":108,"column":77},"end":{"line":108,"column":82},"skip":true},{"start":{"line":109,"column":20},"end":{"line":109,"column":39},"skip":true},{"start":{"line":110,"column":20},"end":{"line":110,"column":49},"skip":true},{"start":{"line":111,"column":20},"end":{"line":111,"column":58},"skip":true},{"start":{"line":112,"column":20},"end":{"line":112,"column":68},"skip":true}]},"15":{"line":129,"type":"if","locations":[{"start":{"line":129,"column":16},"end":{"line":129,"column":16},"skip":true},{"start":{"line":129,"column":16},"end":{"line":129,"column":16},"skip":true}]},"16":{"line":134,"type":"cond-expr","locations":[{"start":{"line":135,"column":26},"end":{"line":135,"column":29},"skip":true},{"start":{"line":136,"column":26},"end":{"line":136,"column":54},"skip":true}]},"17":{"line":164,"type":"binary-expr","locations":[{"start":{"line":164,"column":27},"end":{"line":164,"column":43},"skip":true},{"start":{"line":164,"column":47},"end":{"line":164,"column":49},"skip":true}]},"18":{"line":258,"type":"if","locations":[{"start":{"line":258,"column":8},"end":{"line":258,"column":8},"skip":true},{"start":{"line":258,"column":8},"end":{"line":258,"column":8},"skip":true}]},"19":{"line":275,"type":"switch","locations":[{"start":{"line":276,"column":20},"end":{"line":277,"column":64},"skip":true},{"start":{"line":278,"column":20},"end":{"line":279,"column":40},"skip":true},{"start":{"line":280,"column":20},"end":{"line":281,"column":40},"skip":true},{"start":{"line":282,"column":20},"end":{"line":283,"column":39},"skip":true}]},"20":{"line":288,"type":"if","locations":[{"start":{"line":288,"column":8},"end":{"line":288,"column":8},"skip":true},{"start":{"line":288,"column":8},"end":{"line":288,"column":8},"skip":true}]},"21":{"line":288,"type":"binary-expr","locations":[{"start":{"line":288,"column":12},"end":{"line":288,"column":40},"skip":true},{"start":{"line":288,"column":44},"end":{"line":288,"column":67},"skip":true}]},"22":{"line":292,"type":"binary-expr","locations":[{"start":{"line":292,"column":12},"end":{"line":292,"column":50},"skip":true},{"start":{"line":293,"column":12},"end":{"line":293,"column":53},"skip":true}]},"23":{"line":297,"type":"binary-expr","locations":[{"start":{"line":297,"column":12},"end":{"line":297,"column":66},"skip":true},{"start":{"line":298,"column":12},"end":{"line":301,"column":36},"skip":true}]},"24":{"line":303,"type":"binary-expr","locations":[{"start":{"line":303,"column":43},"end":{"line":303,"column":75},"skip":true},{"start":{"line":303,"column":79},"end":{"line":303,"column":81},"skip":true}]},"25":{"line":306,"type":"if","locations":[{"start":{"line":306,"column":8},"end":{"line":306,"column":8},"skip":true},{"start":{"line":306,"column":8},"end":{"line":306,"column":8},"skip":true}]},"26":{"line":310,"type":"if","locations":[{"start":{"line":310,"column":8},"end":{"line":310,"column":8},"skip":true},{"start":{"line":310,"column":8},"end":{"line":310,"column":8},"skip":true}]},"27":{"line":313,"type":"binary-expr","locations":[{"start":{"line":313,"column":27},"end":{"line":313,"column":43},"skip":true},{"start":{"line":313,"column":47},"end":{"line":313,"column":53},"skip":true}]},"28":{"line":317,"type":"if","locations":[{"start":{"line":317,"column":12},"end":{"line":317,"column":12},"skip":true},{"start":{"line":317,"column":12},"end":{"line":317,"column":12},"skip":true}]}},"code":["/*","example.js","","quickstart example","","instruction","    1. save this script as example.js","    2. run the shell command:","        $ npm install npmtest-cloudant && PORT=8081 node example.js","    3. play with the browser-demo on http://127.0.0.1:8081","*/","","","","/* istanbul instrument in package npmtest_cloudant */","/*jslint","    bitwise: true,","    browser: true,","    maxerr: 8,","    maxlen: 96,","    node: true,","    nomen: true,","    regexp: true,","    stupid: true","*/","(function () {","    'use strict';","    var local;","","","","    // run shared js-env code - pre-init","    (function () {","        // init local","        local = {};","        // init modeJs","        local.modeJs = (function () {","            try {","                return typeof navigator.userAgent === 'string' &&","                    typeof document.querySelector('body') === 'object' &&","                    typeof XMLHttpRequest.prototype.open === 'function' &&","                    'browser';","            } catch (errorCaughtBrowser) {","                return module.exports &&","                    typeof process.versions.node === 'string' &&","                    typeof require('http').createServer === 'function' &&","                    'node';","            }","        }());","        // init global","        local.global = local.modeJs === 'browser'","            ? window","            : global;","        // init utility2_rollup","        local = local.global.utility2_rollup || (local.modeJs === 'browser'","            ? local.global.utility2_npmtest_cloudant","            : global.utility2_moduleExports);","        // export local","        local.global.local = local;","    }());","    switch (local.modeJs) {","","","","    // post-init","    // run browser js-env code - post-init","    /* istanbul ignore next */","    case 'browser':","        local.testRunBrowser = function (event) {","            if (!event || (event &&","                    event.currentTarget &&","                    event.currentTarget.className &&","                    event.currentTarget.className.includes &&","                    event.currentTarget.className.includes('onreset'))) {","                // reset output","                Array.from(","                    document.querySelectorAll('body > .resettable')","                ).forEach(function (element) {","                    switch (element.tagName) {","                    case 'INPUT':","                    case 'TEXTAREA':","                        element.value = '';","                        break;","                    default:","                        element.textContent = '';","                    }","                });","            }","            switch (event && event.currentTarget && event.currentTarget.id) {","            case 'testRunButton1':","                // show tests","                if (document.querySelector('#testReportDiv1').style.display === 'none') {","                    document.querySelector('#testReportDiv1').style.display = 'block';","                    document.querySelector('#testRunButton1').textContent =","                        'hide internal test';","                    local.modeTest = true;","                    local.testRunDefault(local);","                // hide tests","                } else {","                    document.querySelector('#testReportDiv1').style.display = 'none';","                    document.querySelector('#testRunButton1').textContent = 'run internal test';","                }","                break;","            // custom-case","            default:","                break;","            }","            if (document.querySelector('#inputTextareaEval1') && (!event || (event &&","                    event.currentTarget &&","                    event.currentTarget.className &&","                    event.currentTarget.className.includes &&","                    event.currentTarget.className.includes('oneval')))) {","                // try to eval input-code","                try {","                    /*jslint evil: true*/","                    eval(document.querySelector('#inputTextareaEval1').value);","                } catch (errorCaught) {","                    console.error(errorCaught);","                }","            }","        };","        // log stderr and stdout to #outputTextareaStdout1","        ['error', 'log'].forEach(function (key) {","            console[key + '_original'] = console[key];","            console[key] = function () {","                var element;","                console[key + '_original'].apply(console, arguments);","                element = document.querySelector('#outputTextareaStdout1');","                if (!element) {","                    return;","                }","                // append text to #outputTextareaStdout1","                element.value += Array.from(arguments).map(function (arg) {","                    return typeof arg === 'string'","                        ? arg","                        : JSON.stringify(arg, null, 4);","                }).join(' ') + '\\n';","                // scroll textarea to bottom","                element.scrollTop = element.scrollHeight;","            };","        });","        // init event-handling","        ['change', 'click', 'keyup'].forEach(function (event) {","            Array.from(document.querySelectorAll('.on' + event)).forEach(function (element) {","                element.addEventListener(event, local.testRunBrowser);","            });","        });","        // run tests","        local.testRunBrowser();","        break;","","","","    // run node js-env code - post-init","    /* istanbul ignore next */","    case 'node':","        // export local","        module.exports = local;","        // require modules","        local.fs = require('fs');","        local.http = require('http');","        local.url = require('url');","        // init assets","        local.assetsDict = local.assetsDict || {};","        /* jslint-ignore-begin */","        local.assetsDict['/assets.index.template.html'] = '\\","<!doctype html>\\n\\","<html lang=\"en\">\\n\\","<head>\\n\\","<meta charset=\"UTF-8\">\\n\\","<meta name=\"viewport\" content=\"width=device-width, initial-scale=1\">\\n\\","<title>{{env.npm_package_name}} (v{{env.npm_package_version}})</title>\\n\\","<style>\\n\\","/*csslint\\n\\","    box-sizing: false,\\n\\","    universal-selector: false\\n\\","*/\\n\\","* {\\n\\","    box-sizing: border-box;\\n\\","}\\n\\","body {\\n\\","    background: #dde;\\n\\","    font-family: Arial, Helvetica, sans-serif;\\n\\","    margin: 2rem;\\n\\","}\\n\\","body > * {\\n\\","    margin-bottom: 1rem;\\n\\","}\\n\\",".utility2FooterDiv {\\n\\","    margin-top: 20px;\\n\\","    text-align: center;\\n\\","}\\n\\","</style>\\n\\","<style>\\n\\","/*csslint\\n\\","*/\\n\\","textarea {\\n\\","    font-family: monospace;\\n\\","    height: 10rem;\\n\\","    width: 100%;\\n\\","}\\n\\","textarea[readonly] {\\n\\","    background: #ddd;\\n\\","}\\n\\","</style>\\n\\","</head>\\n\\","<body>\\n\\","<!-- utility2-comment\\n\\","<div id=\"ajaxProgressDiv1\" style=\"background: #d00; height: 2px; left: 0; margin: 0; padding: 0; position: fixed; top: 0; transition: background 0.5s, width 1.5s; width: 25%;\"></div>\\n\\","utility2-comment -->\\n\\","<h1>\\n\\","<!-- utility2-comment\\n\\","    <a\\n\\","        {{#if env.npm_package_homepage}}\\n\\","        href=\"{{env.npm_package_homepage}}\"\\n\\","        {{/if env.npm_package_homepage}}\\n\\","        target=\"_blank\"\\n\\","    >\\n\\","utility2-comment -->\\n\\","        {{env.npm_package_name}} (v{{env.npm_package_version}})\\n\\","<!-- utility2-comment\\n\\","    </a>\\n\\","utility2-comment -->\\n\\","</h1>\\n\\","<h3>{{env.npm_package_description}}</h3>\\n\\","<!-- utility2-comment\\n\\","<h4><a download href=\"assets.app.js\">download standalone app</a></h4>\\n\\","<button class=\"onclick onreset\" id=\"testRunButton1\">run internal test</button><br>\\n\\","<div id=\"testReportDiv1\" style=\"display: none;\"></div>\\n\\","utility2-comment -->\\n\\","\\n\\","\\n\\","\\n\\","<label>stderr and stdout</label>\\n\\","<textarea class=\"resettable\" id=\"outputTextareaStdout1\" readonly></textarea>\\n\\","<!-- utility2-comment\\n\\","{{#if isRollup}}\\n\\","<script src=\"assets.app.js\"></script>\\n\\","{{#unless isRollup}}\\n\\","utility2-comment -->\\n\\","<script src=\"assets.utility2.rollup.js\"></script>\\n\\","<script src=\"jsonp.utility2._stateInit?callback=window.utility2._stateInit\"></script>\\n\\","<script src=\"assets.npmtest_cloudant.rollup.js\"></script>\\n\\","<script src=\"assets.example.js\"></script>\\n\\","<script src=\"assets.test.js\"></script>\\n\\","<!-- utility2-comment\\n\\","{{/if isRollup}}\\n\\","utility2-comment -->\\n\\","<div class=\"utility2FooterDiv\">\\n\\","    [ this app was created with\\n\\","    <a href=\"https://github.com/kaizhu256/node-utility2\" target=\"_blank\">utility2</a>\\n\\","    ]\\n\\","</div>\\n\\","</body>\\n\\","</html>\\n\\","';","        /* jslint-ignore-end */","        if (local.templateRender) {","            local.assetsDict['/'] = local.templateRender(","                local.assetsDict['/assets.index.template.html'],","                {","                    env: local.objectSetDefault(local.env, {","                        npm_package_description: 'the greatest app in the world!',","                        npm_package_name: 'my-app',","                        npm_package_nameAlias: 'my_app',","                        npm_package_version: '0.0.1'","                    })","                }","            );","        } else {","            local.assetsDict['/'] = local.assetsDict['/assets.index.template.html']","                .replace((/\\{\\{env\\.(\\w+?)\\}\\}/g), function (match0, match1) {","                    // jslint-hack","                    String(match0);","                    switch (match1) {","                    case 'npm_package_description':","                        return 'the greatest app in the world!';","                    case 'npm_package_name':","                        return 'my-app';","                    case 'npm_package_nameAlias':","                        return 'my_app';","                    case 'npm_package_version':","                        return '0.0.1';","                    }","                });","        }","        // run the cli","        if (local.global.utility2_rollup || module !== require.main) {","            break;","        }","        local.assetsDict['/assets.example.js'] =","            local.assetsDict['/assets.example.js'] ||","            local.fs.readFileSync(__filename, 'utf8');","        // bug-workaround - long $npm_package_buildCustomOrg","        /* jslint-ignore-begin */","        local.assetsDict['/assets.npmtest_cloudant.rollup.js'] =","            local.assetsDict['/assets.npmtest_cloudant.rollup.js'] ||","            local.fs.readFileSync(","                local.npmtest_cloudant.__dirname + '/lib.npmtest_cloudant.js',","                'utf8'","            ).replace((/^#!/), '//');","        /* jslint-ignore-end */","        local.assetsDict['/favicon.ico'] = local.assetsDict['/favicon.ico'] || '';","        // if $npm_config_timeout_exit exists,","        // then exit this process after $npm_config_timeout_exit ms","        if (Number(process.env.npm_config_timeout_exit)) {","            setTimeout(process.exit, Number(process.env.npm_config_timeout_exit));","        }","        // start server","        if (local.global.utility2_serverHttp1) {","            break;","        }","        process.env.PORT = process.env.PORT || '8081';","        console.error('server starting on port ' + process.env.PORT);","        local.http.createServer(function (request, response) {","            request.urlParsed = local.url.parse(request.url);","            if (local.assetsDict[request.urlParsed.pathname] !== undefined) {","                response.end(local.assetsDict[request.urlParsed.pathname]);","                return;","            }","            response.statusCode = 404;","            response.end();","        }).listen(process.env.PORT);","        break;","    }","}());",""],"l":{"26":2,"28":2,"33":2,"35":2,"37":2,"38":2,"39":2,"44":1,"51":2,"55":2,"59":2,"61":2,"69":1,"70":2,"76":2,"79":2,"82":2,"83":2,"85":1,"89":2,"92":1,"93":1,"94":1,"96":1,"97":1,"100":1,"101":1,"103":1,"106":1,"108":2,"114":1,"116":1,"118":1,"123":1,"124":2,"125":2,"126":3,"127":3,"128":3,"129":3,"130":1,"133":3,"134":3,"139":3,"143":1,"144":3,"145":1,"149":1,"150":1,"158":1,"160":1,"161":1,"162":1,"164":1,"166":1,"258":1,"259":1,"271":1,"274":6,"275":6,"277":1,"279":2,"281":1,"283":2,"288":1,"289":1,"291":1,"296":1,"303":1,"306":1,"307":1,"310":1,"311":1,"313":1,"314":1,"315":1,"316":1,"317":1,"318":1,"319":1,"321":1,"322":1,"324":1}},"/home/travis/build/npmtest/node-npmtest-cloudant/node_modules/cloudant/cloudant.js":{"path":"/home/travis/build/npmtest/node-npmtest-cloudant/node_modules/cloudant/cloudant.js","s":{"1":1,"2":1,"3":1,"4":1,"5":1,"6":1,"7":1,"8":0,"9":0,"10":0,"11":0,"12":0,"13":0,"14":0,"15":0,"16":0,"17":0,"18":0,"19":0,"20":0,"21":0,"22":0,"23":0,"24":0,"25":0,"26":0,"27":0,"28":0,"29":0,"30":0,"31":0,"32":0,"33":0,"34":0,"35":0,"36":0,"37":0,"38":0,"39":0,"40":0,"41":0,"42":0,"43":0,"44":0,"45":0,"46":0,"47":0,"48":0,"49":0,"50":0,"51":0,"52":0,"53":0,"54":0,"55":0,"56":0,"57":0,"58":0,"59":0,"60":0,"61":0,"62":0,"63":0,"64":0,"65":0,"66":0,"67":0,"68":0,"69":0,"70":0,"71":0,"72":0,"73":0,"74":0,"75":0,"76":0,"77":0,"78":0,"79":0,"80":0,"81":0,"82":0,"83":0,"84":0,"85":0,"86":0,"87":0,"88":0,"89":0,"90":0,"91":0,"92":0,"93":0,"94":0,"95":0,"96":0,"97":0,"98":0,"99":0,"100":0,"101":0,"102":0,"103":0,"104":0,"105":0,"106":0,"107":0,"108":0,"109":0,"110":0,"111":0,"112":0,"113":1,"114":0,"115":0,"116":0,"117":0,"118":0,"119":0,"120":0,"121":0,"122":0,"123":0,"124":0,"125":0,"126":0,"127":0,"128":0,"129":0,"130":0,"131":0},"b":{"1":[0,0],"2":[0,0],"3":[0,0],"4":[0,0],"5":[0,0],"6":[0,0],"7":[0,0],"8":[0,0],"9":[0,0],"10":[0,0],"11":[0,0],"12":[0,0],"13":[0,0],"14":[0,0],"15":[0,0],"16":[0,0],"17":[0,0],"18":[0,0],"19":[0,0],"20":[0,0],"21":[0,0,0],"22":[0,0,0],"23":[0,0],"24":[0,0,0],"25":[0,0,0,0]},"f":{"1":0,"2":0,"3":0,"4":0,"5":0,"6":0,"7":0,"8":0,"9":0,"10":0,"11":0,"12":0,"13":0,"14":0,"15":0,"16":0,"17":0,"18":0,"19":0,"20":0,"21":0,"22":0,"23":0,"24":0,"25":0,"26":0},"fnMap":{"1":{"name":"Cloudant","line":29,"loc":{"start":{"line":29,"column":0},"end":{"line":29,"column":37}}},"2":{"name":"(anonymous_2)","line":86,"loc":{"start":{"line":86,"column":12},"end":{"line":86,"column":25}}},"3":{"name":"(anonymous_3)","line":92,"loc":{"start":{"line":92,"column":19},"end":{"line":92,"column":47}}},"4":{"name":"(anonymous_4)","line":99,"loc":{"start":{"line":99,"column":14},"end":{"line":99,"column":60}}},"5":{"name":"(anonymous_5)","line":107,"loc":{"start":{"line":107,"column":23},"end":{"line":107,"column":42}}},"6":{"name":"(anonymous_6)","line":113,"loc":{"start":{"line":113,"column":23},"end":{"line":113,"column":55}}},"7":{"name":"(anonymous_7)","line":122,"loc":{"start":{"line":122,"column":16},"end":{"line":122,"column":47}}},"8":{"name":"(anonymous_8)","line":137,"loc":{"start":{"line":137,"column":20},"end":{"line":137,"column":45}}},"9":{"name":"(anonymous_9)","line":152,"loc":{"start":{"line":152,"column":15},"end":{"line":152,"column":41}}},"10":{"name":"(anonymous_10)","line":177,"loc":{"start":{"line":177,"column":25},"end":{"line":177,"column":44}}},"11":{"name":"(anonymous_11)","line":182,"loc":{"start":{"line":182,"column":17},"end":{"line":182,"column":36}}},"12":{"name":"(anonymous_12)","line":187,"loc":{"start":{"line":187,"column":17},"end":{"line":187,"column":51}}},"13":{"name":"(anonymous_13)","line":194,"loc":{"start":{"line":194,"column":24},"end":{"line":194,"column":49}}},"14":{"name":"(anonymous_14)","line":200,"loc":{"start":{"line":200,"column":17},"end":{"line":200,"column":51}}},"15":{"name":"(anonymous_15)","line":206,"loc":{"start":{"line":206,"column":26},"end":{"line":206,"column":45}}},"16":{"name":"(anonymous_16)","line":211,"loc":{"start":{"line":211,"column":25},"end":{"line":211,"column":50}}},"17":{"name":"(anonymous_17)","line":217,"loc":{"start":{"line":217,"column":28},"end":{"line":217,"column":53}}},"18":{"name":"(anonymous_18)","line":235,"loc":{"start":{"line":235,"column":21},"end":{"line":235,"column":48}}},"19":{"name":"ping","line":251,"loc":{"start":{"line":251,"column":0},"end":{"line":251,"column":31}}},"20":{"name":"(anonymous_20)","line":256,"loc":{"start":{"line":256,"column":4},"end":{"line":256,"column":19}}},"21":{"name":"(anonymous_21)","line":259,"loc":{"start":{"line":259,"column":50},"end":{"line":259,"column":68}}},"22":{"name":"(anonymous_22)","line":270,"loc":{"start":{"line":270,"column":4},"end":{"line":270,"column":19}}},"23":{"name":"(anonymous_23)","line":271,"loc":{"start":{"line":271,"column":19},"end":{"line":271,"column":37}}},"24":{"name":"(anonymous_24)","line":275,"loc":{"start":{"line":275,"column":4},"end":{"line":275,"column":19}}},"25":{"name":"(anonymous_25)","line":276,"loc":{"start":{"line":276,"column":26},"end":{"line":276,"column":44}}},"26":{"name":"(anonymous_26)","line":280,"loc":{"start":{"line":280,"column":5},"end":{"line":280,"column":25}}}},"statementMap":{"1":{"start":{"line":1,"column":0},"end":{"line":1,"column":26}},"2":{"start":{"line":17,"column":0},"end":{"line":17,"column":36}},"3":{"start":{"line":18,"column":0},"end":{"line":18,"column":41}},"4":{"start":{"line":19,"column":0},"end":{"line":19,"column":41}},"5":{"start":{"line":20,"column":0},"end":{"line":20,"column":29}},"6":{"start":{"line":26,"column":0},"end":{"line":26,"column":49}},"7":{"start":{"line":29,"column":0},"end":{"line":249,"column":1}},"8":{"start":{"line":30,"column":2},"end":{"line":30,"column":31}},"9":{"start":{"line":33,"column":2},"end":{"line":33,"column":46}},"10":{"start":{"line":38,"column":2},"end":{"line":38,"column":30}},"11":{"start":{"line":40,"column":2},"end":{"line":40,"column":38}},"12":{"start":{"line":41,"column":2},"end":{"line":41,"column":90}},"13":{"start":{"line":42,"column":2},"end":{"line":42,"column":76}},"14":{"start":{"line":43,"column":2},"end":{"line":43,"column":20}},"15":{"start":{"line":44,"column":2},"end":{"line":51,"column":3}},"16":{"start":{"line":45,"column":4},"end":{"line":47,"column":5}},"17":{"start":{"line":46,"column":6},"end":{"line":46,"column":48}},"18":{"start":{"line":48,"column":4},"end":{"line":48,"column":34}},"19":{"start":{"line":50,"column":4},"end":{"line":50,"column":41}},"20":{"start":{"line":52,"column":2},"end":{"line":58,"column":3}},"21":{"start":{"line":53,"column":4},"end":{"line":57,"column":5}},"22":{"start":{"line":54,"column":6},"end":{"line":54,"column":43}},"23":{"start":{"line":56,"column":6},"end":{"line":56,"column":38}},"24":{"start":{"line":61,"column":2},"end":{"line":65,"column":3}},"25":{"start":{"line":62,"column":4},"end":{"line":62,"column":80}},"26":{"start":{"line":63,"column":4},"end":{"line":63,"column":55}},"27":{"start":{"line":64,"column":4},"end":{"line":64,"column":34}},"28":{"start":{"line":68,"column":2},"end":{"line":68,"column":20}},"29":{"start":{"line":69,"column":2},"end":{"line":79,"column":3}},"30":{"start":{"line":70,"column":4},"end":{"line":70,"column":46}},"31":{"start":{"line":71,"column":4},"end":{"line":78,"column":5}},"32":{"start":{"line":72,"column":6},"end":{"line":72,"column":51}},"33":{"start":{"line":73,"column":6},"end":{"line":73,"column":53}},"34":{"start":{"line":74,"column":6},"end":{"line":74,"column":60}},"35":{"start":{"line":75,"column":11},"end":{"line":78,"column":5}},"36":{"start":{"line":76,"column":6},"end":{"line":76,"column":37}},"37":{"start":{"line":77,"column":6},"end":{"line":77,"column":30}},"38":{"start":{"line":81,"column":2},"end":{"line":81,"column":100}},"39":{"start":{"line":82,"column":2},"end":{"line":82,"column":115}},"40":{"start":{"line":86,"column":2},"end":{"line":169,"column":4}},"41":{"start":{"line":92,"column":4},"end":{"line":96,"column":6}},"42":{"start":{"line":93,"column":6},"end":{"line":95,"column":55}},"43":{"start":{"line":99,"column":4},"end":{"line":104,"column":6}},"44":{"start":{"line":100,"column":6},"end":{"line":102,"column":47}},"45":{"start":{"line":103,"column":6},"end":{"line":103,"column":59}},"46":{"start":{"line":107,"column":4},"end":{"line":110,"column":6}},"47":{"start":{"line":108,"column":6},"end":{"line":108,"column":71}},"48":{"start":{"line":109,"column":6},"end":{"line":109,"column":52}},"49":{"start":{"line":113,"column":4},"end":{"line":118,"column":6}},"50":{"start":{"line":114,"column":6},"end":{"line":114,"column":71}},"51":{"start":{"line":115,"column":6},"end":{"line":117,"column":72}},"52":{"start":{"line":122,"column":4},"end":{"line":134,"column":6}},"53":{"start":{"line":125,"column":6},"end":{"line":133,"column":7}},"54":{"start":{"line":126,"column":8},"end":{"line":126,"column":30}},"55":{"start":{"line":127,"column":8},"end":{"line":127,"column":77}},"56":{"start":{"line":130,"column":8},"end":{"line":132,"column":59}},"57":{"start":{"line":137,"column":4},"end":{"line":149,"column":6}},"58":{"start":{"line":138,"column":6},"end":{"line":138,"column":24}},"59":{"start":{"line":139,"column":6},"end":{"line":140,"column":67}},"60":{"start":{"line":140,"column":8},"end":{"line":140,"column":67}},"61":{"start":{"line":141,"column":6},"end":{"line":142,"column":67}},"62":{"start":{"line":142,"column":8},"end":{"line":142,"column":67}},"63":{"start":{"line":143,"column":6},"end":{"line":143,"column":37}},"64":{"start":{"line":144,"column":6},"end":{"line":147,"column":47}},"65":{"start":{"line":148,"column":6},"end":{"line":148,"column":67}},"66":{"start":{"line":152,"column":4},"end":{"line":156,"column":6}},"67":{"start":{"line":153,"column":6},"end":{"line":155,"column":53}},"68":{"start":{"line":159,"column":4},"end":{"line":159,"column":28}},"69":{"start":{"line":160,"column":4},"end":{"line":160,"column":18}},"70":{"start":{"line":161,"column":4},"end":{"line":161,"column":28}},"71":{"start":{"line":162,"column":4},"end":{"line":162,"column":36}},"72":{"start":{"line":163,"column":4},"end":{"line":163,"column":36}},"73":{"start":{"line":164,"column":4},"end":{"line":164,"column":22}},"74":{"start":{"line":165,"column":4},"end":{"line":165,"column":30}},"75":{"start":{"line":166,"column":4},"end":{"line":166,"column":20}},"76":{"start":{"line":168,"column":4},"end":{"line":168,"column":15}},"77":{"start":{"line":172,"column":2},"end":{"line":172,"column":23}},"78":{"start":{"line":173,"column":2},"end":{"line":173,"column":31}},"79":{"start":{"line":177,"column":2},"end":{"line":179,"column":4}},"80":{"start":{"line":178,"column":4},"end":{"line":178,"column":79}},"81":{"start":{"line":182,"column":2},"end":{"line":184,"column":4}},"82":{"start":{"line":183,"column":4},"end":{"line":183,"column":71}},"83":{"start":{"line":187,"column":2},"end":{"line":191,"column":4}},"84":{"start":{"line":188,"column":4},"end":{"line":190,"column":58}},"85":{"start":{"line":194,"column":2},"end":{"line":197,"column":4}},"86":{"start":{"line":195,"column":4},"end":{"line":195,"column":77}},"87":{"start":{"line":196,"column":4},"end":{"line":196,"column":25}},"88":{"start":{"line":200,"column":2},"end":{"line":204,"column":4}},"89":{"start":{"line":201,"column":4},"end":{"line":203,"column":58}},"90":{"start":{"line":206,"column":2},"end":{"line":209,"column":4}},"91":{"start":{"line":207,"column":4},"end":{"line":208,"column":51}},"92":{"start":{"line":211,"column":2},"end":{"line":215,"column":4}},"93":{"start":{"line":212,"column":4},"end":{"line":214,"column":49}},"94":{"start":{"line":217,"column":2},"end":{"line":221,"column":4}},"95":{"start":{"line":218,"column":4},"end":{"line":220,"column":49}},"96":{"start":{"line":224,"column":2},"end":{"line":224,"column":19}},"97":{"start":{"line":225,"column":2},"end":{"line":225,"column":27}},"98":{"start":{"line":226,"column":2},"end":{"line":226,"column":27}},"99":{"start":{"line":227,"column":2},"end":{"line":227,"column":41}},"100":{"start":{"line":228,"column":2},"end":{"line":228,"column":43}},"101":{"start":{"line":229,"column":2},"end":{"line":229,"column":45}},"102":{"start":{"line":230,"column":2},"end":{"line":230,"column":43}},"103":{"start":{"line":231,"column":2},"end":{"line":231,"column":49}},"104":{"start":{"line":233,"column":2},"end":{"line":246,"column":3}},"105":{"start":{"line":234,"column":4},"end":{"line":234,"column":28}},"106":{"start":{"line":235,"column":4},"end":{"line":245,"column":7}},"107":{"start":{"line":236,"column":6},"end":{"line":244,"column":7}},"108":{"start":{"line":237,"column":8},"end":{"line":237,"column":21}},"109":{"start":{"line":239,"column":8},"end":{"line":241,"column":9}},"110":{"start":{"line":240,"column":10},"end":{"line":240,"column":50}},"111":{"start":{"line":243,"column":8},"end":{"line":243,"column":35}},"112":{"start":{"line":248,"column":2},"end":{"line":248,"column":14}},"113":{"start":{"line":251,"column":0},"end":{"line":285,"column":1}},"114":{"start":{"line":252,"column":2},"end":{"line":252,"column":18}},"115":{"start":{"line":253,"column":2},"end":{"line":253,"column":20}},"116":{"start":{"line":255,"column":2},"end":{"line":284,"column":5}},"117":{"start":{"line":257,"column":6},"end":{"line":268,"column":7}},"118":{"start":{"line":258,"column":8},"end":{"line":258,"column":26}},"119":{"start":{"line":259,"column":8},"end":{"line":265,"column":11}},"120":{"start":{"line":260,"column":10},"end":{"line":260,"column":50}},"121":{"start":{"line":261,"column":10},"end":{"line":263,"column":11}},"122":{"start":{"line":262,"column":12},"end":{"line":262,"column":31}},"123":{"start":{"line":264,"column":10},"end":{"line":264,"column":21}},"124":{"start":{"line":267,"column":8},"end":{"line":267,"column":25}},"125":{"start":{"line":271,"column":6},"end":{"line":273,"column":9}},"126":{"start":{"line":272,"column":8},"end":{"line":272,"column":19}},"127":{"start":{"line":276,"column":6},"end":{"line":278,"column":8}},"128":{"start":{"line":277,"column":8},"end":{"line":277,"column":19}},"129":{"start":{"line":281,"column":4},"end":{"line":281,"column":39}},"130":{"start":{"line":282,"column":4},"end":{"line":282,"column":63}},"131":{"start":{"line":283,"column":4},"end":{"line":283,"column":32}}},"branchMap":{"1":{"line":44,"type":"if","locations":[{"start":{"line":44,"column":2},"end":{"line":44,"column":2}},{"start":{"line":44,"column":2},"end":{"line":44,"column":2}}]},"2":{"line":45,"type":"if","locations":[{"start":{"line":45,"column":4},"end":{"line":45,"column":4}},{"start":{"line":45,"column":4},"end":{"line":45,"column":4}}]},"3":{"line":52,"type":"if","locations":[{"start":{"line":52,"column":2},"end":{"line":52,"column":2}},{"start":{"line":52,"column":2},"end":{"line":52,"column":2}}]},"4":{"line":53,"type":"if","locations":[{"start":{"line":53,"column":4},"end":{"line":53,"column":4}},{"start":{"line":53,"column":4},"end":{"line":53,"column":4}}]},"5":{"line":61,"type":"if","locations":[{"start":{"line":61,"column":2},"end":{"line":61,"column":2}},{"start":{"line":61,"column":2},"end":{"line":61,"column":2}}]},"6":{"line":61,"type":"binary-expr","locations":[{"start":{"line":61,"column":6},"end":{"line":61,"column":21}},{"start":{"line":61,"column":25},"end":{"line":61,"column":47}}]},"7":{"line":62,"type":"cond-expr","locations":[{"start":{"line":62,"column":45},"end":{"line":62,"column":61}},{"start":{"line":62,"column":64},"end":{"line":62,"column":79}}]},"8":{"line":69,"type":"if","locations":[{"start":{"line":69,"column":2},"end":{"line":69,"column":2}},{"start":{"line":69,"column":2},"end":{"line":69,"column":2}}]},"9":{"line":71,"type":"if","locations":[{"start":{"line":71,"column":4},"end":{"line":71,"column":4}},{"start":{"line":71,"column":4},"end":{"line":71,"column":4}}]},"10":{"line":72,"type":"binary-expr","locations":[{"start":{"line":72,"column":23},"end":{"line":72,"column":37}},{"start":{"line":72,"column":41},"end":{"line":72,"column":50}}]},"11":{"line":75,"type":"if","locations":[{"start":{"line":75,"column":11},"end":{"line":75,"column":11}},{"start":{"line":75,"column":11},"end":{"line":75,"column":11}}]},"12":{"line":125,"type":"if","locations":[{"start":{"line":125,"column":6},"end":{"line":125,"column":6}},{"start":{"line":125,"column":6},"end":{"line":125,"column":6}}]},"13":{"line":138,"type":"binary-expr","locations":[{"start":{"line":138,"column":13},"end":{"line":138,"column":17}},{"start":{"line":138,"column":21},"end":{"line":138,"column":23}}]},"14":{"line":139,"type":"if","locations":[{"start":{"line":139,"column":6},"end":{"line":139,"column":6}},{"start":{"line":139,"column":6},"end":{"line":139,"column":6}}]},"15":{"line":141,"type":"if","locations":[{"start":{"line":141,"column":6},"end":{"line":141,"column":6}},{"start":{"line":141,"column":6},"end":{"line":141,"column":6}}]},"16":{"line":143,"type":"binary-expr","locations":[{"start":{"line":143,"column":17},"end":{"line":143,"column":26}},{"start":{"line":143,"column":30},"end":{"line":143,"column":36}}]},"17":{"line":233,"type":"if","locations":[{"start":{"line":233,"column":2},"end":{"line":233,"column":2}},{"start":{"line":233,"column":2},"end":{"line":233,"column":2}}]},"18":{"line":236,"type":"if","locations":[{"start":{"line":236,"column":6},"end":{"line":236,"column":6}},{"start":{"line":236,"column":6},"end":{"line":236,"column":6}}]},"19":{"line":239,"type":"if","locations":[{"start":{"line":239,"column":8},"end":{"line":239,"column":8}},{"start":{"line":239,"column":8},"end":{"line":239,"column":8}}]},"20":{"line":257,"type":"if","locations":[{"start":{"line":257,"column":6},"end":{"line":257,"column":6}},{"start":{"line":257,"column":6},"end":{"line":257,"column":6}}]},"21":{"line":257,"type":"binary-expr","locations":[{"start":{"line":257,"column":10},"end":{"line":257,"column":15}},{"start":{"line":257,"column":19},"end":{"line":257,"column":33}},{"start":{"line":257,"column":37},"end":{"line":257,"column":51}}]},"22":{"line":260,"type":"binary-expr","locations":[{"start":{"line":260,"column":20},"end":{"line":260,"column":21}},{"start":{"line":260,"column":25},"end":{"line":260,"column":40}},{"start":{"line":260,"column":45},"end":{"line":260,"column":49}}]},"23":{"line":261,"type":"if","locations":[{"start":{"line":261,"column":10},"end":{"line":261,"column":10}},{"start":{"line":261,"column":10},"end":{"line":261,"column":10}}]},"24":{"line":281,"type":"binary-expr","locations":[{"start":{"line":281,"column":16},"end":{"line":281,"column":20}},{"start":{"line":281,"column":24},"end":{"line":281,"column":31}},{"start":{"line":281,"column":36},"end":{"line":281,"column":38}}]},"25":{"line":282,"type":"binary-expr","locations":[{"start":{"line":282,"column":21},"end":{"line":282,"column":25}},{"start":{"line":282,"column":29},"end":{"line":282,"column":36}},{"start":{"line":282,"column":40},"end":{"line":282,"column":55}},{"start":{"line":282,"column":60},"end":{"line":282,"column":62}}]}},"code":["module.exports = Cloudant;","","/**"," * Copyright (c) 2016 IBM Cloudant, Inc. All rights reserved."," *"," * Licensed under the Apache License, Version 2.0 (the \"License\"); you may not use this file"," * except in compliance with the License. You may obtain a copy of the License at"," *"," * http://www.apache.org/licenses/LICENSE-2.0"," *"," * Unless required by applicable law or agreed to in writing, software distributed under the"," * License is distributed on an \"AS IS\" BASIS, WITHOUT WARRANTIES OR CONDITIONS OF ANY KIND,"," * either express or implied. See the License for the specific language governing permissions"," * and limitations under the License."," */","","var Nano = require('cloudant-nano');","var debug = require('debug')('cloudant');","var nanodebug = require('debug')('nano');","var async = require('async');","","","// function from the old Cloudant library to","// parse an object { account: \"myaccount\", password: \"mypassword\"}","// and return a URL","var reconfigure = require('./lib/reconfigure.js')","","// This IS the Cloudant API. It is mostly nano, with a few functions.","function Cloudant(options, callback) {","  debug('Initialize', options);","","  // Save the username and password for potential conversion to cookie auth.","  var login = reconfigure.getOptions(options);","","  // Convert the credentials into a URL that will work for cloudant. The","  // credentials object will become squashed into a string, which is fine","  // except for the .cookie option.","  var cookie = options.cookie;","","  var pkg = require('./package.json');","  var useragent = \"nodejs-cloudant/\" + pkg.version + \" (Node.js \" + process.version + \")\";","  var requestDefaults = { headers: { \"User-agent\": useragent}, gzip:true  };","  var theurl = null;","  if (typeof options == \"object\") {","    if (options.requestDefaults) {","      requestDefaults = options.requestDefaults;","    }","    theurl = reconfigure(options);","  } else {","    theurl = reconfigure({ url: options})","  }","  if (theurl === null) {","    if (callback) {","      return callback('invalid url', null);","    } else {","      throw(new Error('invalid url'));","    }","  }","","  // keep connections alive by default","  if (requestDefaults && !requestDefaults.agent) {","    var protocol = (theurl.match(/^https/))? require('https') : require('http');","    var agent = new protocol.Agent({ keepAlive:true });","    requestDefaults.agent = agent;","  } ","","  // plugin a request library","  var plugin = null;","  if (options.plugin) {","    options.requestDefaults = requestDefaults;","    if(typeof options.plugin === 'string') {","      var plugintype = options.plugin || 'default';","      debug('Using the \"' + plugintype + '\" plugin');","      plugin =  require('./plugins/' + plugintype)(options);","    } else if (typeof options.plugin === 'function') { ","      debug('Using a custom plugin');","      plugin = options.plugin;","    }","  }","","  debug('Create underlying Nano instance, options=%j requestDefaults=%j', options, requestDefaults);","  var nano = Nano({url:theurl, request: plugin, requestDefaults: requestDefaults, cookie: cookie, log: nanodebug});","","  // our own implementation of 'use' e.g. nano.use or nano.db.use","  // it includes all db-level functions","  var use = function(db) {","","    // ****************","    // Functions added to each db e.g. cloudant.use(\"mydb\")","    // ****************","","    var bulk_get = function(options, callback) {","      return nano.request( { path: encodeURIComponent(db) + \"/_bulk_get\",","                             method: \"post\",","                             body: options }, callback)","    };","","    // https://docs.cloudant.com/geo.html","    var geo = function(docName, indexName, query, callback) {","      var path = encodeURIComponent(db) + \"/_design/\" +","                 encodeURIComponent(docName) + \"/_geo/\" +","                 encodeURIComponent(indexName);","      return nano.request({path:path, qs:query}, callback);","    };","","    // https://docs.cloudant.com/api.html#viewing-permissions","    var get_security = function(callback) {","      var path = \"_api/v2/db/\" + encodeURIComponent(db) + \"/_security\";","      return nano.request( { path: path}, callback);","    };","","    // https://docs.cloudant.com/api.html#modifying-permissions","    var set_security = function(permissions, callback) {","      var path = \"_api/v2/db/\" + encodeURIComponent(db) + \"/_security\";","      return nano.request( { path: path,","                             method: \"put\",","                             body: {cloudant: permissions} }, callback);","    };","","    // https://docs.cloudant.com/api.html#list-all-indexes &","    // https://docs.cloudant.com/api.html#creating-a-new-index","    var index = function(definition, callback) {","","      // if no definition is provided, then the user wants see all the indexes","      if (typeof definition == \"function\") {","        callback = definition;","        nano.request({ path: encodeURIComponent(db) + \"/_index\" }, callback);","      } else {","        // the user wants to create a new index","        return nano.request({ path: encodeURIComponent(db) + \"/_index\",","                              method:\"post\",","                              body: definition}, callback);","      }","    };","","    // https://docs.cloudant.com/api.html#deleting-an-index","    var index_del = function(spec, callback) {","      spec = spec || {};","      if (!spec.ddoc)","        throw new Error('index.del() must specify a \"ddoc\" value');","      if (!spec.name)","        throw new Error('index.del() must specify a \"name\" value');","      var type = spec.type || 'json';","      var path = encodeURIComponent(db) + \"/_index/\" +","                 encodeURIComponent(spec.ddoc) + \"/\" +","                 encodeURIComponent(type) + \"/\" +","                 encodeURIComponent(spec.name);","      return nano.request({ path:path, method:\"delete\"}, callback);","    };","","    // https://docs.cloudant.com/api.html#finding-documents-using-an-index","    var find = function(query, callback) {","      return nano.request( { path: encodeURIComponent(db) + \"/_find\",","                             method: \"post\",","                             body: query}, callback);","    };","","    // add Cloudant special functions","    var obj = nano._use(db);","    obj.geo = geo;","    obj.bulk_get = bulk_get;","    obj.get_security = get_security;","    obj.set_security = set_security;","    obj.index = index;","    obj.index.del = index_del;","    obj.find = find;","","    return obj;","  };","","  // intercept calls to 'nano.use' to plugin our extensions","  nano._use = nano.use;","  nano.use = nano.db.use = use;","","","  // https://docs.cloudant.com/api.html#creating-api-keys","  var generate_api_key = function(callback) {","    return nano.request({path: \"_api/v2/api_keys\", method: \"post\" }, callback);","  };","","  // https://docs.cloudant.com/api.html#reading-the-cors-configuration","  var get_cors = function(callback) {","    return nano.request({path: \"_api/v2/user/config/cors\" }, callback);","  };","","  // https://docs.cloudant.com/api.html#setting-the-cors-configuration","  var set_cors = function(configuration, callback) {","    return nano.request({path: \"_api/v2/user/config/cors\",","                         method: \"put\",","                         body: configuration }, callback);","  };","","  // the /set_permissions API call is deprecated","  var set_permissions = function(opts, callback) {","    console.error(\"set_permissions is deprecated. use set_security instead\");","    callback(null, null);","  };","","  // https://docs.cloudant.com/api.html#setting-the-cors-configuration","  var set_cors = function(configuration, callback) {","    return nano.request({path: \"_api/v2/user/config/cors\",","                         method: \"put\",","                         body: configuration }, callback);","  };","","  var get_virtual_hosts = function(callback) {","    return nano.request({path: \"_api/v2/user/virtual_hosts\",","                         method: \"get\"}, callback);","  };","","  var add_virtual_host = function(opts, callback) {","    return nano.request({path: \"_api/v2/user/virtual_hosts\",","                         method: \"post\",","                         body: opts }, callback);","  };","","  var delete_virtual_host = function(opts, callback) {","    return nano.request({path: \"_api/v2/user/virtual_hosts\",","                         method: \"delete\",","                         body: opts }, callback);","  };","","  // add top-level Cloudant-specific functions","  nano.ping = ping;","  nano.get_cors = get_cors;","  nano.set_cors = set_cors;","  nano.set_permissions = set_permissions;","  nano.generate_api_key = generate_api_key;","  nano.get_virtual_hosts = get_virtual_hosts;","  nano.add_virtual_host = add_virtual_host;","  nano.delete_virtual_host = delete_virtual_host;","","  if (callback) {","    debug('Automatic ping');","    nano.ping(login, function(er, pong, cookie) {","      if (er) {","        callback(er);","      } else {","        if (cookie) {","          requestDefaults.headers.cookie = cookie;","        }","","        callback(null, nano, pong);","      }","    });","  }","","  return nano;","}","","function ping(login, callback) {","  var nano = this;","  var cookie = null;","","  async.series([","    function(done) {","      if (login && login.username && login.password) {","        done.auth = false;","        nano.auth(login.username, login.password, function(e, b, h) {","          cookie = (h && h['set-cookie']) || null;","          if (cookie) {","            cookie = cookie[0];","          }","          done(e, b);","        });","      } else {","        done(null, null);","      }","    },","    function(done) {","      nano.session(function(e, b, h) {","        done(e, b);","      });","    }, ","    function(done) {","      nano.relax({db:''}, function(e, b, h) {","        done(e, b);","      })","    }","  ], function(err, data) {","    var body = (data && data[2]) || {};","    body.userCtx  = (data && data[1] && data[1].userCtx) || {};","    callback(err, body, cookie);","  });","}","","",""],"l":{"1":1,"17":1,"18":1,"19":1,"20":1,"26":1,"29":1,"30":0,"33":0,"38":0,"40":0,"41":0,"42":0,"43":0,"44":0,"45":0,"46":0,"48":0,"50":0,"52":0,"53":0,"54":0,"56":0,"61":0,"62":0,"63":0,"64":0,"68":0,"69":0,"70":0,"71":0,"72":0,"73":0,"74":0,"75":0,"76":0,"77":0,"81":0,"82":0,"86":0,"92":0,"93":0,"99":0,"100":0,"103":0,"107":0,"108":0,"109":0,"113":0,"114":0,"115":0,"122":0,"125":0,"126":0,"127":0,"130":0,"137":0,"138":0,"139":0,"140":0,"141":0,"142":0,"143":0,"144":0,"148":0,"152":0,"153":0,"159":0,"160":0,"161":0,"162":0,"163":0,"164":0,"165":0,"166":0,"168":0,"172":0,"173":0,"177":0,"178":0,"182":0,"183":0,"187":0,"188":0,"194":0,"195":0,"196":0,"200":0,"201":0,"206":0,"207":0,"211":0,"212":0,"217":0,"218":0,"224":0,"225":0,"226":0,"227":0,"228":0,"229":0,"230":0,"231":0,"233":0,"234":0,"235":0,"236":0,"237":0,"239":0,"240":0,"243":0,"248":0,"251":1,"252":0,"253":0,"255":0,"257":0,"258":0,"259":0,"260":0,"261":0,"262":0,"264":0,"267":0,"271":0,"272":0,"276":0,"277":0,"281":0,"282":0,"283":0}},"/home/travis/build/npmtest/node-npmtest-cloudant/node_modules/cloudant-nano/lib/nano.js":{"path":"/home/travis/build/npmtest/node-npmtest-cloudant/node_modules/cloudant-nano/lib/nano.js","s":{"1":1,"2":1,"3":1,"4":1,"5":1,"6":1,"7":1,"8":1,"9":1,"10":1,"11":0,"12":0,"13":0,"14":0,"15":0,"16"
[...]
done(null, null);","        }","","      },","","      // call POST /_session to get a cookie","      function(done) {","        debug('need to authenticate - calling POST /_session');","        var r = {","          url: stuburl + '/_session', ","          method: 'post',","          form: {","            name: credentials.username,","            password: credentials.password","          },","          jar: jar","        };","        request(r, function(e, h, b) {","          var statusCode = h && h.statusCode || 500;","          // if we sucessfully authenticate","          if (statusCode >= 200 && statusCode < 400) {","            // continue to the next stage of the async chain","            debug('authentication successful');","","            // if we don't already have a timer set to refresh the cookie every hour,","            // set one up","            if (!cookieRefresh) {","              debug('setting up recurring cookie refresh request');","              cookieRefresh = setInterval(function() {","                debug('refreshing cookie');","                request({method: 'get', url: stuburl + '/_session', jar: jar});","              }, 1000 * 60 * 60);","              // prevent setInterval from requiring the event loop to be active","              cookieRefresh.unref();","            }","","            done(null, [e,h,b]);","          } else {","            // failed to authenticate - no point proceeding any further","            debug('authentication failed');","            done(true, [e,h,b]);","          }","        });","      },","","      // call the request being asked for with cookie authentication","      function(done) {","        debug('attempting API call with cookie');","        var statusCode = 500;","        req.jar = jar;","        request(req, function(e, h, b) {","          done(null, [e,h,b]);","        }).on('response', function(r) {","          statusCode = r && r.statusCode || 500;","        }).on('data', function(chunk) {","          if (statusCode < 400) {","            s.write(chunk);","          }","        }); ","      }","    ], function(err, data) {","        // callback with the last call we made","        if (data && data.length > 0) {","          var reply = data[data.length - 1];","          // error, headers, body","          callback(reply[0], reply[1], reply[2]);","        } else {","          callback(err, { statusCode: 500 }, null);","        }","    });","","    // return the pass-through stream","    return s;","  };","","","  return cookieRequest;","};","",""],"l":{"19":1,"20":1,"21":1,"22":1,"23":1,"25":1,"26":0,"27":0,"28":0,"29":0,"35":0,"38":0,"39":0,"46":0,"47":0,"48":0,"49":0,"50":0,"51":0,"52":0,"53":0,"54":0,"55":0,"60":0,"61":0,"62":0,"63":0,"64":0,"67":0,"70":0,"76":0,"77":0,"80":0,"81":0,"82":0,"83":0,"85":0,"88":0,"92":0,"95":0,"98":0,"99":0,"104":0,"107":0,"114":0,"115":0,"124":0,"125":0,"127":0,"129":0,"133":0,"134":0,"135":0,"136":0,"137":0,"140":0,"143":0,"146":0,"147":0,"154":0,"155":0,"156":0,"157":0,"158":0,"160":0,"162":0,"163":0,"169":0,"170":0,"172":0,"174":0,"179":0,"183":0}},"/home/travis/build/npmtest/node-npmtest-cloudant/node_modules/cloudant/plugins/default.js":{"path":"/home/travis/build/npmtest/node-npmtest-cloudant/node_modules/cloudant/plugins/default.js","s":{"1":1,"2":0,"3":0},"b":{"1":[0,0]},"f":{"1":0},"fnMap":{"1":{"name":"(anonymous_1)","line":20,"loc":{"start":{"line":20,"column":17},"end":{"line":20,"column":35}}}},"statementMap":{"1":{"start":{"line":20,"column":0},"end":{"line":23,"column":1}},"2":{"start":{"line":21,"column":2},"end":{"line":21,"column":64}},"3":{"start":{"line":22,"column":2},"end":{"line":22,"column":54}}},"branchMap":{"1":{"line":21,"type":"binary-expr","locations":[{"start":{"line":21,"column":24},"end":{"line":21,"column":47}},{"start":{"line":21,"column":51},"end":{"line":21,"column":63}}]}},"code":["/**"," * Copyright (c) 2015 IBM Cloudant, Inc. All rights reserved."," *"," * Licensed under the Apache License, Version 2.0 (the \"License\"); you may not use this file"," * except in compliance with the License. You may obtain a copy of the License at"," *"," * http://www.apache.org/licenses/LICENSE-2.0"," *"," * Unless required by applicable law or agreed to in writing, software distributed under the"," * License is distributed on an \"AS IS\" BASIS, WITHOUT WARRANTIES OR CONDITIONS OF ANY KIND,"," * either express or implied. See the License for the specific language governing permissions"," * and limitations under the License."," */","","// this the the 'default' request handler.","// It is simply an instance of the popular 'request' npm module.","// This is the simplest module to use as it supports JavaScript callbacks","// and can be used for with the Node.js streaming API.","","module.exports = function(options) {","  var requestDefaults = options.requestDefaults || {jar: false};","  return require('request').defaults(requestDefaults);","}"],"l":{"20":1,"21":0,"22":0}},"/home/travis/build/npmtest/node-npmtest-cloudant/node_modules/cloudant/plugins/promises.js":{"path":"/home/travis/build/npmtest/node-npmtest-cloudant/node_modules/cloudant/plugins/promises.js","s":{"1":1,"2":1,"3":0,"4":0,"5":0,"6":0,"7":0,"8":0,"9":0,"10":0,"11":0,"12":0,"13":0,"14":0,"15":0,"16":0,"17":0,"18":0,"19":0,"20":0,"21":0},"b":{"1":[0,0],"2":[0,0],"3":[0,0,0],"4":[0,0],"5":[0,0],"6":[0,0],"7":[0,0],"8":[0,0]},"f":{"1":0,"2":0,"3":0,"4":0,"5":0},"fnMap":{"1":{"name":"(anonymous_1)","line":19,"loc":{"start":{"line":19,"column":19},"end":{"line":19,"column":30}}},"2":{"name":"(anonymous_2)","line":21,"loc":{"start":{"line":21,"column":17},"end":{"line":21,"column":35}}},"3":{"name":"(anonymous_3)","line":25,"loc":{"start":{"line":25,"column":18},"end":{"line":25,"column":42}}},"4":{"name":"(anonymous_4)","line":29,"loc":{"start":{"line":29,"column":23},"end":{"line":29,"column":49}}},"5":{"name":"(anonymous_5)","line":30,"loc":{"start":{"line":30,"column":19},"end":{"line":30,"column":39}}}},"statementMap":{"1":{"start":{"line":19,"column":0},"end":{"line":19,"column":33}},"2":{"start":{"line":21,"column":0},"end":{"line":49,"column":2}},"3":{"start":{"line":23,"column":2},"end":{"line":23,"column":64}},"4":{"start":{"line":24,"column":2},"end":{"line":24,"column":61}},"5":{"start":{"line":25,"column":2},"end":{"line":46,"column":4}},"6":{"start":{"line":26,"column":4},"end":{"line":28,"column":5}},"7":{"start":{"line":27,"column":6},"end":{"line":27,"column":30}},"8":{"start":{"line":29,"column":4},"end":{"line":45,"column":7}},"9":{"start":{"line":30,"column":6},"end":{"line":44,"column":8}},"10":{"start":{"line":31,"column":8},"end":{"line":31,"column":50}},"11":{"start":{"line":32,"column":8},"end":{"line":34,"column":9}},"12":{"start":{"line":33,"column":10},"end":{"line":33,"column":53}},"13":{"start":{"line":33,"column":16},"end":{"line":33,"column":34}},"14":{"start":{"line":35,"column":8},"end":{"line":38,"column":9}},"15":{"start":{"line":36,"column":10},"end":{"line":36,"column":31}},"16":{"start":{"line":37,"column":10},"end":{"line":37,"column":28}},"17":{"start":{"line":39,"column":8},"end":{"line":41,"column":9}},"18":{"start":{"line":40,"column":10},"end":{"line":40,"column":36}},"19":{"start":{"line":42,"column":8},"end":{"line":42,"column":25}},"20":{"start":{"line":43,"column":8},"end":{"line":43,"column":28}},"21":{"start":{"line":48,"column":2},"end":{"line":48,"column":19}}},"branchMap":{"1":{"line":23,"type":"binary-expr","locations":[{"start":{"line":23,"column":24},"end":{"line":23,"column":47}},{"start":{"line":23,"column":51},"end":{"line":23,"column":63}}]},"2":{"line":26,"type":"if","locations":[{"start":{"line":26,"column":4},"end":{"line":26,"column":4}},{"start":{"line":26,"column":4},"end":{"line":26,"column":4}}]},"3":{"line":31,"type":"binary-expr","locations":[{"start":{"line":31,"column":25},"end":{"line":31,"column":26}},{"start":{"line":31,"column":30},"end":{"line":31,"column":42}},{"start":{"line":31,"column":46},"end":{"line":31,"column":49}}]},"4":{"line":32,"type":"if","locations":[{"start":{"line":32,"column":8},"end":{"line":32,"column":8}},{"start":{"line":32,"column":8},"end":{"line":32,"column":8}}]},"5":{"line":35,"type":"if","locations":[{"start":{"line":35,"column":8},"end":{"line":35,"column":8}},{"start":{"line":35,"column":8},"end":{"line":35,"column":8}}]},"6":{"line":35,"type":"binary-expr","locations":[{"start":{"line":35,"column":12},"end":{"line":35,"column":29}},{"start":{"line":35,"column":33},"end":{"line":35,"column":49}}]},"7":{"line":39,"type":"if","locations":[{"start":{"line":39,"column":8},"end":{"line":39,"column":8}},{"start":{"line":39,"column":8},"end":{"line":39,"column":8}}]},"8":{"line":42,"type":"binary-expr","locations":[{"start":{"line":42,"column":15},"end":{"line":42,"column":18}},{"start":{"line":42,"column":22},"end":{"line":42,"column":23}}]}},"code":["/**"," * Copyright (c) 2015 IBM Cloudant, Inc. All rights reserved."," *"," * Licensed under the Apache License, Version 2.0 (the \"License\"); you may not use this file"," * except in compliance with the License. You may obtain a copy of the License at"," *"," * http://www.apache.org/licenses/LICENSE-2.0"," *"," * Unless required by applicable law or agreed to in writing, software distributed under the"," * License is distributed on an \"AS IS\" BASIS, WITHOUT WARRANTIES OR CONDITIONS OF ANY KIND,"," * either express or implied. See the License for the specific language governing permissions"," * and limitations under the License."," */","","// this the the 'promises' request handler.","// It is a function that returns a Promise and resolves the promise on success ","// or rejects the Promise on failure","","var nullcallback = function() {};","","module.exports = function(options) {","","  var requestDefaults = options.requestDefaults || {jar: false};","  var request = require('request').defaults(requestDefaults);","  var myrequest = function(req, callback) {","    if (typeof callback !== 'function') {","      callback = nullcallback;","    }","    return new Promise(function(resolve, reject) {","      request(req, function(err, h, b) {","        var statusCode = h && h.statusCode || 500;","        if (b) {","          try { b = JSON.parse(b); } catch (err) {  }","        }","        if (statusCode >= 200 && statusCode < 400) {","          callback(null, h, b);","          return resolve(b);","        }","        if (b) {","          b.statusCode = statusCode;","        }","        reject(err || b);","        callback(err, h, b);","      })","    });","  };","","  return myrequest;","};","    ","    "],"l":{"19":1,"21":1,"23":0,"24":0,"25":0,"26":0,"27":0,"29":0,"30":0,"31":0,"32":0,"33":0,"35":0,"36":0,"37":0,"39":0,"40":0,"42":0,"43":0,"48":0}},"/home/travis/build/npmtest/node-npmtest-cloudant/node_modules/cloudant/plugins/retry.js":{"path":"/home/travis/build/npmtest/node-npmtest-cloudant/node_modules/cloudant/plugins/retry.js","s":{"1":1,"2":1,"3":1,"4":1,"5":1,"6":0,"7":0,"8":0,"9":0,"10":0,"11":0,"12":0,"13":0,"14":0,"15":0,"16":0,"17":0,"18":0,"19":0,"20":0,"21":0,"22":0,"23":0,"24":0,"25":0,"26":0,"27":0,"28":0,"29":0,"30":0,"31":0,"32":0,"33":0,"34":0,"35":0,"36":0,"37":0},"b":{"1":[0,0],"2":[0,0],"3":[0,0],"4":[0,0],"5":[0,0],"6":[0,0,0],"7":[0,0],"8":[0,0],"9":[0,0],"10":[0,0]},"f":{"1":0,"2":0,"3":0,"4":0,"5":0,"6":0,"7":0,"8":0,"9":0,"10":0},"fnMap":{"1":{"name":"(anonymous_1)","line":24,"loc":{"start":{"line":24,"column":19},"end":{"line":24,"column":30}}},"2":{"name":"(anonymous_2)","line":26,"loc":{"start":{"line":26,"column":17},"end":{"line":26,"column":35}}},"3":{"name":"(anonymous_3)","line":30,"loc":{"start":{"line":30,"column":18},"end":{"line":30,"column":42}}},"4":{"name":"(anonymous_4)","line":46,"loc":{"start":{"line":46,"column":18},"end":{"line":46,"column":33}}},"5":{"name":"(anonymous_5)","line":52,"loc":{"start":{"line":52,"column":17},"end":{"line":52,"column":28}}},"6":{"name":"(anonymous_6)","line":53,"loc":{"start":{"line":53,"column":21},"end":{"line":53,"column":39}}},"7":{"name":"(anonymous_7)","line":55,"loc":{"start":{"line":55,"column":26},"end":{"line":55,"column":38}}},"8":{"name":"(anonymous_8)","line":57,"loc":{"start":{"line":57,"column":22},"end":{"line":57,"column":38}}},"9":{"name":"(anonymous_9)","line":63,"loc":{"start":{"line":63,"column":7},"end":{"line":63,"column":18}}},"10":{"name":"(anonymous_10)","line":74,"loc":{"start":{"line":74,"column":7},"end":{"line":74,"column":28}}}},"statementMap":{"1":{"start":{"line":20,"column":0},"end":{"line":20,"column":29}},"2":{"start":{"line":21,"column":0},"end":{"line":21,"column":41}},"3":{"start":{"line":22,"column":0},"end":{"line":22,"column":31}},"4":{"start":{"line":24,"column":0},"end":{"line":24,"column":33}},"5":{"start":{"line":26,"column":0},"end":{"line":84,"column":2}},"6":{"start":{"line":27,"column":2},"end":{"line":27,"column":64}},"7":{"start":{"line":28,"column":2},"end":{"line":28,"column":61}},"8":{"start":{"line":30,"column":2},"end":{"line":81,"column":4}},"9":{"start":{"line":31,"column":4},"end":{"line":31,"column":21}},"10":{"start":{"line":32,"column":4},"end":{"line":32,"column":49}},"11":{"start":{"line":33,"column":4},"end":{"line":33,"column":51}},"12":{"start":{"line":34,"column":4},"end":{"line":34,"column":20}},"13":{"start":{"line":35,"column":4},"end":{"line":35,"column":26}},"14":{"start":{"line":37,"column":4},"end":{"line":39,"column":5}},"15":{"start":{"line":38,"column":6},"end":{"line":38,"column":30}},"16":{"start":{"line":43,"column":4},"end":{"line":43,"column":37}},"17":{"start":{"line":46,"column":4},"end":{"line":77,"column":7}},"18":{"start":{"line":47,"column":6},"end":{"line":47,"column":23}},"19":{"start":{"line":48,"column":6},"end":{"line":48,"column":17}},"20":{"start":{"line":49,"column":6},"end":{"line":51,"column":7}},"21":{"start":{"line":50,"column":8},"end":{"line":50,"column":55}},"22":{"start":{"line":52,"column":6},"end":{"line":62,"column":18}},"23":{"start":{"line":53,"column":8},"end":{"line":61,"column":11}},"24":{"start":{"line":54,"column":10},"end":{"line":54,"column":32}},"25":{"start":{"line":56,"column":10},"end":{"line":56,"column":48}},"26":{"start":{"line":58,"column":10},"end":{"line":60,"column":11}},"27":{"start":{"line":59,"column":12},"end":{"line":59,"column":27}},"28":{"start":{"line":65,"column":6},"end":{"line":72,"column":7}},"29":{"start":{"line":66,"column":8},"end":{"line":70,"column":9}},"30":{"start":{"line":67,"column":10},"end":{"line":67,"column":33}},"31":{"start":{"line":69,"column":10},"end":{"line":69,"column":23}},"32":{"start":{"line":71,"column":8},"end":{"line":71,"column":21}},"33":{"start":{"line":73,"column":6},"end":{"line":73,"column":18}},"34":{"start":{"line":75,"column":6},"end":{"line":75,"column":14}},"35":{"start":{"line":76,"column":6},"end":{"line":76,"column":50}},"36":{"start":{"line":80,"column":4},"end":{"line":80,"column":13}},"37":{"start":{"line":83,"column":2},"end":{"line":83,"column":19}}},"branchMap":{"1":{"line":27,"type":"binary-expr","locations":[{"start":{"line":27,"column":24},"end":{"line":27,"column":47}},{"start":{"line":27,"column":51},"end":{"line":27,"column":63}}]},"2":{"line":32,"type":"binary-expr","locations":[{"start":{"line":32,"column":22},"end":{"line":32,"column":43}},{"start":{"line":32,"column":47},"end":{"line":32,"column":48}}]},"3":{"line":33,"type":"binary-expr","locations":[{"start":{"line":33,"column":23},"end":{"line":33,"column":43}},{"start":{"line":33,"column":47},"end":{"line":33,"column":50}}]},"4":{"line":37,"type":"if","locations":[{"start":{"line":37,"column":4},"end":{"line":37,"column":4}},{"start":{"line":37,"column":4},"end":{"line":37,"column":4}}]},"5":{"line":49,"type":"if","locations":[{"start":{"line":49,"column":6},"end":{"line":49,"column":6}},{"start":{"line":49,"column":6},"end":{"line":49,"column":6}}]},"6":{"line":56,"type":"binary-expr","locations":[{"start":{"line":56,"column":23},"end":{"line":56,"column":24}},{"start":{"line":56,"column":28},"end":{"line":56,"column":40}},{"start":{"line":56,"column":44},"end":{"line":56,"column":47}}]},"7":{"line":58,"type":"if","locations":[{"start":{"line":58,"column":10},"end":{"line":58,"column":10}},{"start":{"line":58,"column":10},"end":{"line":58,"column":10}}]},"8":{"line":65,"type":"if","locations":[{"start":{"line":65,"column":6},"end":{"line":65,"column":6}},{"start":{"line":65,"column":6},"end":{"line":65,"column":6}}]},"9":{"line":65,"type":"binary-expr","locations":[{"start":{"line":65,"column":10},"end":{"line":65,"column":28}},{"start":{"line":65,"column":32},"end":{"line":65,"column":54}}]},"10":{"line":66,"type":"if","locations":[{"start":{"line":66,"column":8},"end":{"line":66,"column":8}},{"start":{"line":66,"column":8},"end":{"line":66,"column":8}}]}},"code":["/**"," * Copyright (c) 2015 IBM Cloudant, Inc. All rights reserved."," *"," * Licensed under the Apache License, Version 2.0 (the \"License\"); you may not use this file"," * except in compliance with the License. You may obtain a copy of the License at"," *"," * http://www.apache.org/licenses/LICENSE-2.0"," *"," * Unless required by applicable law or agreed to in writing, software distributed under the"," * License is distributed on an \"AS IS\" BASIS, WITHOUT WARRANTIES OR CONDITIONS OF ANY KIND,"," * either express or implied. See the License for the specific language governing permissions"," * and limitations under the License."," */","","// this the the 'retry' request handler.","// If CouchDB/Cloudant responds with a 429 HTTP code","// the library will retry the request up to three","// times with exponential backoff.","// This module is unsuitable for streaming requests.","var async = require('async');","var debug = require('debug')('cloudant');","var stream = require('stream');","","var nullcallback = function() {};","","module.exports = function(options) {","  var requestDefaults = options.requestDefaults || {jar: false};","  var request = require('request').defaults(requestDefaults);","","  var myrequest = function(req, callback) {","    var attempts = 0;","    var maxAttempts = options.retryAttempts || 3;","    var firstTimeout = options.retryTimeout || 500; // ms","    var timeout = 0; // ms","    var statusCode = null;","","    if (typeof callback !== 'function') {","      callback = nullcallback;","    }","","    // create a pass-through stream in case the caller wishes","    // to pipe data using Node.js streams","    var s = new stream.PassThrough();","","    // do the first function until the second function returns true","    async.doUntil(function(done) {","      statusCode = 500;","      attempts++;","      if (attempts >= 1) {","        debug('attempt', attempts, 'timeout', timeout);","      }","      setTimeout(function() {","        request(req, function(e, h, b) {","          done(null, [e, h, b]);","        }).on('response', function(r) {","          statusCode = r && r.statusCode || 500;","        }).on('data', function(chunk) {","          if (statusCode !== 429) {","            s.write(chunk);","          }","        });  ","      }, timeout);","    }, function() {","      // this function returns false for the first 'maxAttempts' 429s receieved","      if (statusCode === 429 && attempts < maxAttempts) {","        if (attempts === 1) {","          timeout = firstTimeout;","        } else {","          timeout *= 2;","        }","        return false;","      } ","      return true;","    }, function(e, results) {","      s.end();","      callback(results[0], results[1], results[2])","    });","","    // return the pass-through stream","    return s;","  };","","  return myrequest;","};","    ","    ","    "],"l":{"20":1,"21":1,"22":1,"24":1,"26":1,"27":0,"28":0,"30":0,"31":0,"32":0,"33":0,"34":0,"35":0,"37":0,"38":0,"43":0,"46":0,"47":0,"48":0,"49":0,"50":0,"52":0,"53":0,"54":0,"56":0,"58":0,"59":0,"65":0,"66":0,"67":0,"69":0,"71":0,"73":0,"75":0,"76":0,"80":0,"83":0}}}